2023-12-19 20:12:534 INFO  HomePage :74 - Mouse hover on “Desktops” Tab and click [[ChromeDriver: chrome on windows (e58f5b44aca3d55297ad1038f639a0e2)] -> link text: Desktops]
2023-12-19 20:12:977 INFO  HomePage :93 - Click on Show All Desktop tab [[ChromeDriver: chrome on windows (e58f5b44aca3d55297ad1038f639a0e2)] -> xpath: //a[normalize-space()='Show AllDesktops']]
2023-12-19 20:12:46 INFO  DesktopPage :44 - Click on sort by position [[ChromeDriver: chrome on windows (e58f5b44aca3d55297ad1038f639a0e2)] -> id: input-sort]
2023-12-19 20:12:520 INFO  DesktopPage :73 - Select option product sorted by Name (Z - A)from sort by options [[ChromeDriver: chrome on windows (e58f5b44aca3d55297ad1038f639a0e2)] -> id: input-sort]
2023-12-19 20:12:296 INFO  HomePage :74 - Mouse hover on “Desktops” Tab and click [[ChromeDriver: chrome on windows (4d0f5ac1cd5ec343183b1f13299fbf8a)] -> link text: Desktops]
2023-12-19 20:12:757 INFO  HomePage :93 - Click on Show All Desktop tab [[ChromeDriver: chrome on windows (4d0f5ac1cd5ec343183b1f13299fbf8a)] -> xpath: //a[normalize-space()='Show AllDesktops']]
2023-12-19 20:12:805 INFO  HomePage :105 - Clicking on Currency on top of page [[ChromeDriver: chrome on windows (4d0f5ac1cd5ec343183b1f13299fbf8a)] -> xpath: //span[normalize-space()='Currency']]
2023-12-19 20:12:510 INFO  HomePage :113 - Select £Pound Sterling from currency drop down list [[[ChromeDriver: chrome on windows (4d0f5ac1cd5ec343183b1f13299fbf8a)] -> xpath: //ul[@class = 'dropdown-menu']/li], [[ChromeDriver: chrome on windows (4d0f5ac1cd5ec343183b1f13299fbf8a)] -> xpath: //ul[@class = 'dropdown-menu']/li], [[ChromeDriver: chrome on windows (4d0f5ac1cd5ec343183b1f13299fbf8a)] -> xpath: //ul[@class = 'dropdown-menu']/li]]
2023-12-19 20:12:964 INFO  DesktopPage :73 - Select option product sorted by Name (A - Z)from sort by options [[ChromeDriver: chrome on windows (4d0f5ac1cd5ec343183b1f13299fbf8a)] -> id: input-sort]
2023-12-19 20:12:877 INFO  DesktopPage :78 - Clicking on HP LP3065 [[ChromeDriver: chrome on windows (4d0f5ac1cd5ec343183b1f13299fbf8a)] -> xpath: //a[contains(text(),'HP LP3065')]]
2023-12-19 20:12:893 INFO  ProductPage :52 - Verify the Text "HP LP3065" [[ChromeDriver: chrome on windows (4d0f5ac1cd5ec343183b1f13299fbf8a)] -> xpath: //a[contains(text(),'HP LP3065')]]
2023-12-19 20:12:947 INFO  ProductPage :58 - Select 2022November30 to date field [[ChromeDriver: chrome on windows (4d0f5ac1cd5ec343183b1f13299fbf8a)] -> xpath: //div[@class = 'input-group date']//button]
2023-12-19 20:12:182 INFO  ProductPage :82 - Enter Qty 1 to quantity field [[ChromeDriver: chrome on windows (4d0f5ac1cd5ec343183b1f13299fbf8a)] -> xpath: //input[@id='input-quantity']]
2023-12-19 20:12:861 INFO  ProductPage :87 - Clicking on Login Button [[ChromeDriver: chrome on windows (4d0f5ac1cd5ec343183b1f13299fbf8a)] -> xpath: //button[@id='button-cart']]
2023-12-19 20:12:385 INFO  ProductPage :91 - Verify the Message “Success: You have added HP LP3065 to your shopping cart!” [[ChromeDriver: chrome on windows (4d0f5ac1cd5ec343183b1f13299fbf8a)] -> xpath: //div[@class='alert alert-success alert-dismissible']]
2023-12-19 20:12:389 INFO  ProductPage :97 - Click on link “shopping cart” display into success message [[ChromeDriver: chrome on windows (4d0f5ac1cd5ec343183b1f13299fbf8a)] -> xpath: //a[contains(text(),'shopping cart')]]
2023-12-19 20:12:409 INFO  ShoppingCartPage :47 -  Verify the text Shopping Cart [[ChromeDriver: chrome on windows (4d0f5ac1cd5ec343183b1f13299fbf8a)] -> xpath: //div[@id='content']//h1]
2023-12-19 20:12:428 INFO  ShoppingCartPage :52 - Verify the Product name HP LP3065 [[ChromeDriver: chrome on windows (4d0f5ac1cd5ec343183b1f13299fbf8a)] -> xpath: //div[@class = 'table-responsive']/table/tbody/tr/td[2]/a]
2023-12-19 20:12:452 INFO  ShoppingCartPage :57 - Verify the Delivery Date 2022-11-30 [[ChromeDriver: chrome on windows (4d0f5ac1cd5ec343183b1f13299fbf8a)] -> xpath: //div[@class = 'table-responsive']/table/tbody/tr/td[2]/small[1]]
2023-12-19 20:12:473 INFO  ShoppingCartPage :62 - Verify the Model Product21 [[ChromeDriver: chrome on windows (4d0f5ac1cd5ec343183b1f13299fbf8a)] -> xpath: //div[@class = 'table-responsive']/table/tbody/tr/td[3]]
2023-12-19 20:12:492 INFO  ShoppingCartPage :67 - Verify the Total £74.73 [[ChromeDriver: chrome on windows (4d0f5ac1cd5ec343183b1f13299fbf8a)] -> xpath: //div[@class = 'table-responsive']/table/tbody/tr/td[6]]
2023-12-19 20:12:233 INFO  HomePage :80 - Mouse hover on “Laptops & Notebooks” Tab and click [[ChromeDriver: chrome on windows (d4cfb31584cd4665fe5cd1ac162c44c5)] -> link text: Laptops & Notebooks]
2023-12-19 20:12:533 INFO  HomePage :99 - Click on Show All LaptopAndNotebook Tab [[ChromeDriver: chrome on windows (d4cfb31584cd4665fe5cd1ac162c44c5)] -> xpath: //a[normalize-space()='Show AllLaptops & Notebooks']]
2023-12-19 20:12:586 INFO  DesktopPage :44 - Click on sort by position [[ChromeDriver: chrome on windows (d4cfb31584cd4665fe5cd1ac162c44c5)] -> id: input-sort]
2023-12-19 20:12:278 INFO  DesktopPage :73 - Select option product sorted by Price (High > Low)from sort by options [[ChromeDriver: chrome on windows (d4cfb31584cd4665fe5cd1ac162c44c5)] -> id: input-sort]
2023-12-19 20:12:345 INFO  LaptopAndNotebookPage :63 - Verify Product sorted  price High to low [[[ChromeDriver: chrome on windows (d4cfb31584cd4665fe5cd1ac162c44c5)] -> xpath: //p[@class ='price']], [[ChromeDriver: chrome on windows (d4cfb31584cd4665fe5cd1ac162c44c5)] -> xpath: //p[@class ='price']], [[ChromeDriver: chrome on windows (d4cfb31584cd4665fe5cd1ac162c44c5)] -> xpath: //p[@class ='price']], [[ChromeDriver: chrome on windows (d4cfb31584cd4665fe5cd1ac162c44c5)] -> xpath: //p[@class ='price']], [[ChromeDriver: chrome on windows (d4cfb31584cd4665fe5cd1ac162c44c5)] -> xpath: //p[@class ='price']]]
2023-12-19 20:12:391 INFO  LaptopAndNotebookPage :63 - Verify Product sorted  price High to low [[[ChromeDriver: chrome on windows (d4cfb31584cd4665fe5cd1ac162c44c5)] -> xpath: //p[@class ='price']], [[ChromeDriver: chrome on windows (d4cfb31584cd4665fe5cd1ac162c44c5)] -> xpath: //p[@class ='price']], [[ChromeDriver: chrome on windows (d4cfb31584cd4665fe5cd1ac162c44c5)] -> xpath: //p[@class ='price']], [[ChromeDriver: chrome on windows (d4cfb31584cd4665fe5cd1ac162c44c5)] -> xpath: //p[@class ='price']], [[ChromeDriver: chrome on windows (d4cfb31584cd4665fe5cd1ac162c44c5)] -> xpath: //p[@class ='price']]]
2023-12-19 20:12:874 INFO  HomePage :80 - Mouse hover on “Laptops & Notebooks” Tab and click [[ChromeDriver: chrome on windows (551bc31bfabe9abb69c3db0b17a247af)] -> link text: Laptops & Notebooks]
2023-12-19 20:12:268 INFO  HomePage :99 - Click on Show All LaptopAndNotebook Tab [[ChromeDriver: chrome on windows (551bc31bfabe9abb69c3db0b17a247af)] -> xpath: //a[normalize-space()='Show AllLaptops & Notebooks']]
2023-12-19 20:12:315 INFO  HomePage :105 - Clicking on Currency on top of page [[ChromeDriver: chrome on windows (551bc31bfabe9abb69c3db0b17a247af)] -> xpath: //span[normalize-space()='Currency']]
2023-12-19 20:12:980 INFO  HomePage :113 - Select £Pound Sterling from currency drop down list [[[ChromeDriver: chrome on windows (551bc31bfabe9abb69c3db0b17a247af)] -> xpath: //ul[@class = 'dropdown-menu']/li], [[ChromeDriver: chrome on windows (551bc31bfabe9abb69c3db0b17a247af)] -> xpath: //ul[@class = 'dropdown-menu']/li], [[ChromeDriver: chrome on windows (551bc31bfabe9abb69c3db0b17a247af)] -> xpath: //ul[@class = 'dropdown-menu']/li]]
2023-12-19 20:12:417 INFO  DesktopPage :73 - Select option product sorted by Price (High > Low)from sort by options [[ChromeDriver: chrome on windows (551bc31bfabe9abb69c3db0b17a247af)] -> id: input-sort]
2023-12-19 20:12:297 INFO  LaptopAndNotebookPage :80 - Select Macbook[[ChromeDriver: chrome on windows (551bc31bfabe9abb69c3db0b17a247af)] -> link text: MacBook]
2023-12-19 20:12:312 INFO  ProductPage :101 - Verify text MacBook [[ChromeDriver: chrome on windows (551bc31bfabe9abb69c3db0b17a247af)] -> xpath: //h1[contains(text(),'MacBook')]]
2023-12-19 20:12:966 INFO  ProductPage :87 - Clicking on Login Button [[ChromeDriver: chrome on windows (551bc31bfabe9abb69c3db0b17a247af)] -> xpath: //button[@id='button-cart']]
2023-12-19 20:12:492 INFO  ProductPage :91 - Verify the Message “Success: You have added HP LP3065 to your shopping cart!” [[ChromeDriver: chrome on windows (551bc31bfabe9abb69c3db0b17a247af)] -> xpath: //div[@class='alert alert-success alert-dismissible']]
2023-12-19 20:12:490 INFO  ProductPage :97 - Click on link “shopping cart” display into success message [[ChromeDriver: chrome on windows (551bc31bfabe9abb69c3db0b17a247af)] -> xpath: //a[contains(text(),'shopping cart')]]
2023-12-19 20:12:508 INFO  ShoppingCartPage :47 -  Verify the text Shopping Cart [[ChromeDriver: chrome on windows (551bc31bfabe9abb69c3db0b17a247af)] -> xpath: //div[@id='content']//h1]
2023-12-19 20:12:529 INFO  ShoppingCartPage :52 - Verify the Product name HP LP3065 [[ChromeDriver: chrome on windows (551bc31bfabe9abb69c3db0b17a247af)] -> xpath: //div[@class = 'table-responsive']/table/tbody/tr/td[2]/a]
2023-12-19 20:12:628 INFO  ShoppingCartPage :74 - Change Quantity 2 to quantity field [[ChromeDriver: chrome on windows (551bc31bfabe9abb69c3db0b17a247af)] -> xpath: //div[@class='input-group btn-block']/input[@type='text']]
2023-12-19 20:12:270 INFO  ShoppingCartPage :79 -  Click on “Update” Tab [[ChromeDriver: chrome on windows (551bc31bfabe9abb69c3db0b17a247af)] -> xpath: //i[@class = 'fa fa-refresh']]
2023-12-19 20:12:288 INFO  ShoppingCartPage :83 - Getting welcome back text [[ChromeDriver: chrome on windows (551bc31bfabe9abb69c3db0b17a247af)] -> xpath: //div[@id='checkout-cart']/div[1]]
2023-12-19 20:12:311 INFO  ShoppingCartPage :67 - Verify the Total £74.73 [[ChromeDriver: chrome on windows (551bc31bfabe9abb69c3db0b17a247af)] -> xpath: //div[@class = 'table-responsive']/table/tbody/tr/td[6]]
2023-12-19 20:12:699 INFO  ShoppingCartPage :89 - Click on “Checkout” button [[ChromeDriver: chrome on windows (551bc31bfabe9abb69c3db0b17a247af)] -> css selector: a.btn.btn-primary]
2023-12-19 20:12:720 INFO  CheckoutPage :76 - Verify the text “Checkout” [[ChromeDriver: chrome on windows (551bc31bfabe9abb69c3db0b17a247af)] -> xpath: //div[@id='content']/h1]
2023-12-19 20:12:252 INFO  CheckoutPage :82 - Verify the Text “New Customer” [[ChromeDriver: chrome on windows (551bc31bfabe9abb69c3db0b17a247af)] -> xpath: //h2[contains(text(),'New Customer')]]
2023-12-19 20:12:826 INFO  CheckoutPage :89 - Click on “Guest Checkout” radio button [[ChromeDriver: chrome on windows (551bc31bfabe9abb69c3db0b17a247af)] -> xpath: //input[@value='guest']]
2023-12-19 20:12:872 INFO  CheckoutPage :95 - Click on “Continue” tab [[ChromeDriver: chrome on windows (551bc31bfabe9abb69c3db0b17a247af)] -> xpath: //input[@id='button-account']]
2023-12-19 20:12:259 INFO  CheckoutPage :101 - Enter firstname Jaynika to firstname field [[ChromeDriver: chrome on windows (551bc31bfabe9abb69c3db0b17a247af)] -> id: input-payment-firstname]
2023-12-19 20:12:353 INFO  CheckoutPage :107 - Enter lastname Patel to lastname field [[ChromeDriver: chrome on windows (551bc31bfabe9abb69c3db0b17a247af)] -> id: input-payment-lastname]
2023-12-19 20:12:480 INFO  CheckoutPage :113 - Enter email kaku to email field [[ChromeDriver: chrome on windows (551bc31bfabe9abb69c3db0b17a247af)] -> id: input-payment-email]
2023-12-19 20:12:550 INFO  CheckoutPage :119 - Enter phoneNumber 01234567890 to phoneNumber field [[ChromeDriver: chrome on windows (551bc31bfabe9abb69c3db0b17a247af)] -> id: input-payment-telephone]
2023-12-19 20:12:618 INFO  CheckoutPage :125 - Enter address Line 1 129 Pinner Road to address field [[ChromeDriver: chrome on windows (551bc31bfabe9abb69c3db0b17a247af)] -> id: input-payment-address-1]
2023-12-19 20:12:668 INFO  CheckoutPage :131 - Enter city London to city field [[ChromeDriver: chrome on windows (551bc31bfabe9abb69c3db0b17a247af)] -> id: input-payment-city]
2023-12-19 20:12:731 INFO  CheckoutPage :137 - Enter postcode N1 1AD to postcode field [[ChromeDriver: chrome on windows (551bc31bfabe9abb69c3db0b17a247af)] -> id: input-payment-postcode]
2023-12-19 20:12:783 INFO  CheckoutPage :143 - Select country United Kingdom to country field [[ChromeDriver: chrome on windows (551bc31bfabe9abb69c3db0b17a247af)] -> id: input-payment-country]
2023-12-19 20:12:857 INFO  CheckoutPage :150 - Select state Kent to state field [[ChromeDriver: chrome on windows (551bc31bfabe9abb69c3db0b17a247af)] -> id: input-payment-zone]
2023-12-19 20:12:906 INFO  CheckoutPage :156 -  Click on continue button [[ChromeDriver: chrome on windows (551bc31bfabe9abb69c3db0b17a247af)] -> id: button-guest]
2023-12-19 20:12:664 INFO  CheckoutPage :162 - Enter comments Nothing to Say! in to text area [[ChromeDriver: chrome on windows (551bc31bfabe9abb69c3db0b17a247af)] -> xpath: //textarea[@name='comment']]
2023-12-19 20:12:715 INFO  CheckoutPage :168 -  Check the Terms & Conditions check box [[ChromeDriver: chrome on windows (551bc31bfabe9abb69c3db0b17a247af)] -> xpath: //body/div[@id='checkout-checkout']/div[1]/div[1]/div[1]/div[3]/div[2]/div[1]/div[2]/div[1]/input[1]]
2023-12-19 20:12:767 INFO  CheckoutPage :174 - Click on “Continue” button [[ChromeDriver: chrome on windows (551bc31bfabe9abb69c3db0b17a247af)] -> id: button-payment-method]
2023-12-19 20:12:788 INFO  CheckoutPage :179 - Verify the message “Warning: Payment method required!” [[ChromeDriver: chrome on windows (551bc31bfabe9abb69c3db0b17a247af)] -> xpath: //div[@class='alert alert-danger alert-dismissible']]
2023-12-19 20:12:908 INFO  HomePage :128 - Select Login from myAccount drop down list [[[ChromeDriver: chrome on windows (959816bc779ec8157a1ff3776542a7fe)] -> xpath: //ul[@class='dropdown-menu dropdown-menu-right']/li], [[ChromeDriver: chrome on windows (959816bc779ec8157a1ff3776542a7fe)] -> xpath: //ul[@class='dropdown-menu dropdown-menu-right']/li]]
2023-12-19 20:12:928 INFO  LoginPage :36 - Verify the text “Returning Customer” [[ChromeDriver: chrome on windows (959816bc779ec8157a1ff3776542a7fe)] -> xpath: //h2[contains(text(),'Returning Customer')]]
2023-12-19 20:12:305 INFO  HomePage :128 - Select Login from myAccount drop down list [[[ChromeDriver: chrome on windows (96c51febf37f37cd03d741553c7807e4)] -> xpath: //ul[@class='dropdown-menu dropdown-menu-right']/li], [[ChromeDriver: chrome on windows (96c51febf37f37cd03d741553c7807e4)] -> xpath: //ul[@class='dropdown-menu dropdown-menu-right']/li]]
2023-12-19 20:12:404 INFO  LoginPage :43 - Enter email iampatel@gmail.comto email field [[ChromeDriver: chrome on windows (96c51febf37f37cd03d741553c7807e4)] -> id: input-email]
2023-12-19 20:12:476 INFO  LoginPage :49 - Enter password HelloNum1to password field [[ChromeDriver: chrome on windows (96c51febf37f37cd03d741553c7807e4)] -> id: input-password]
2023-12-19 20:12:211 INFO  LoginPage :55 - Clicking on Login Button [[ChromeDriver: chrome on windows (96c51febf37f37cd03d741553c7807e4)] -> xpath: //input[@value='Login']]
2023-12-19 20:12:234 INFO  LoginPage :60 - Verify text “My Account” [[ChromeDriver: chrome on windows (96c51febf37f37cd03d741553c7807e4)] -> xpath: //h2[text()='My Account']]
2023-12-19 20:12:995 INFO  HomePage :128 - Select Logout from myAccount drop down list [[[ChromeDriver: chrome on windows (96c51febf37f37cd03d741553c7807e4)] -> xpath: //ul[@class='dropdown-menu dropdown-menu-right']/li], [[ChromeDriver: chrome on windows (96c51febf37f37cd03d741553c7807e4)] -> xpath: //ul[@class='dropdown-menu dropdown-menu-right']/li], [[ChromeDriver: chrome on windows (96c51febf37f37cd03d741553c7807e4)] -> xpath: //ul[@class='dropdown-menu dropdown-menu-right']/li], [[ChromeDriver: chrome on windows (96c51febf37f37cd03d741553c7807e4)] -> xpath: //ul[@class='dropdown-menu dropdown-menu-right']/li], [[ChromeDriver: chrome on windows (96c51febf37f37cd03d741553c7807e4)] -> xpath: //ul[@class='dropdown-menu dropdown-menu-right']/li]]
2023-12-19 20:12:19 INFO  LogoutPage :27 - Verify text "Account Logout" [[ChromeDriver: chrome on windows (96c51febf37f37cd03d741553c7807e4)] -> xpath: //h1[text()='Account Logout']]
2023-12-19 20:12:445 INFO  LogoutPage :33 - Clicking on Continue Button [[ChromeDriver: chrome on windows (96c51febf37f37cd03d741553c7807e4)] -> xpath: //a[contains(text(),'Continue')]]
2023-12-19 20:12:880 INFO  HomePage :128 - Select Register from myAccount drop down list [[[ChromeDriver: chrome on windows (9144b14e3314b03b075c403f0b49c961)] -> xpath: //ul[@class='dropdown-menu dropdown-menu-right']/li], [[ChromeDriver: chrome on windows (9144b14e3314b03b075c403f0b49c961)] -> xpath: //ul[@class='dropdown-menu dropdown-menu-right']/li]]
2023-12-19 20:12:901 INFO  RegisterPage :58 - Verify the text “Register Account”. [[ChromeDriver: chrome on windows (9144b14e3314b03b075c403f0b49c961)] -> xpath: //h1[contains(text(),'Register Account')]]
2023-12-19 20:12:986 INFO  HomePage :128 - Select Register from myAccount drop down list [[[ChromeDriver: chrome on windows (9e9eff3629ae06d7b14ae81e59b6f810)] -> xpath: //ul[@class='dropdown-menu dropdown-menu-right']/li], [[ChromeDriver: chrome on windows (9e9eff3629ae06d7b14ae81e59b6f810)] -> xpath: //ul[@class='dropdown-menu dropdown-menu-right']/li]]
2023-12-19 20:12:42 INFO  RegisterPage :64 - Enter Firstname Iama to Firstname field [[ChromeDriver: chrome on windows (9e9eff3629ae06d7b14ae81e59b6f810)] -> id: input-firstname]
2023-12-19 20:12:99 INFO  RegisterPage :69 - Enter Lastname Patel to Lastname field [[ChromeDriver: chrome on windows (9e9eff3629ae06d7b14ae81e59b6f810)] -> id: input-lastname]
2023-12-19 20:12:170 INFO  RegisterPage :74 - Enter email patelVlue@gmail.com to email field [[ChromeDriver: chrome on windows (9e9eff3629ae06d7b14ae81e59b6f810)] -> id: input-email]
2023-12-19 20:12:234 INFO  RegisterPage :79 - Enter Telephone 01234567890 to Telephone field [[ChromeDriver: chrome on windows (9e9eff3629ae06d7b14ae81e59b6f810)] -> id: input-telephone]
2023-12-19 20:12:290 INFO  RegisterPage :84 - Enter Password Hellonum1 to Password field [[ChromeDriver: chrome on windows (9e9eff3629ae06d7b14ae81e59b6f810)] -> id: input-password]
2023-12-19 20:12:336 INFO  RegisterPage :89 - Enter ConfirmPassword Hellonum1 to ConfirmPassword field [[ChromeDriver: chrome on windows (9e9eff3629ae06d7b14ae81e59b6f810)] -> id: input-confirm]
2023-12-19 20:12:360 INFO  RegisterPage :101 - Select Subscribe Yes radio button [[[ChromeDriver: chrome on windows (9e9eff3629ae06d7b14ae81e59b6f810)] -> xpath: //fieldset[3]//input], [[ChromeDriver: chrome on windows (9e9eff3629ae06d7b14ae81e59b6f810)] -> xpath: //fieldset[3]//input]]
2023-12-19 20:12:400 INFO  RegisterPage :106 - Click on Privacy Policy check box [[ChromeDriver: chrome on windows (9e9eff3629ae06d7b14ae81e59b6f810)] -> xpath: //input[@name='agree']]
2023-12-19 20:12:677 INFO  RegisterPage :111 - Clicking on Continue Button [[ChromeDriver: chrome on windows (9e9eff3629ae06d7b14ae81e59b6f810)] -> xpath: //input[@type='submit']]
2023-12-19 20:12:699 INFO  RegisterPage :115 - Verify the message “Your Account Has Been Created!” [[ChromeDriver: chrome on windows (9e9eff3629ae06d7b14ae81e59b6f810)] -> xpath: //h1[text()='Your Account Has Been Created!']]
2023-12-19 20:12:72 INFO  RegisterPage :121 - Clicking on Continue Button [[ChromeDriver: chrome on windows (9e9eff3629ae06d7b14ae81e59b6f810)] -> xpath: //a[text()='Continue']]
2023-12-19 20:12:776 INFO  HomePage :128 - Select Logout from myAccount drop down list [[[ChromeDriver: chrome on windows (9e9eff3629ae06d7b14ae81e59b6f810)] -> xpath: //ul[@class='dropdown-menu dropdown-menu-right']/li], [[ChromeDriver: chrome on windows (9e9eff3629ae06d7b14ae81e59b6f810)] -> xpath: //ul[@class='dropdown-menu dropdown-menu-right']/li], [[ChromeDriver: chrome on windows (9e9eff3629ae06d7b14ae81e59b6f810)] -> xpath: //ul[@class='dropdown-menu dropdown-menu-right']/li], [[ChromeDriver: chrome on windows (9e9eff3629ae06d7b14ae81e59b6f810)] -> xpath: //ul[@class='dropdown-menu dropdown-menu-right']/li], [[ChromeDriver: chrome on windows (9e9eff3629ae06d7b14ae81e59b6f810)] -> xpath: //ul[@class='dropdown-menu dropdown-menu-right']/li]]
2023-12-19 20:12:800 INFO  LogoutPage :27 - Verify text "Account Logout" [[ChromeDriver: chrome on windows (9e9eff3629ae06d7b14ae81e59b6f810)] -> xpath: //h1[text()='Account Logout']]
2023-12-19 20:12:289 INFO  LogoutPage :33 - Clicking on Continue Button [[ChromeDriver: chrome on windows (9e9eff3629ae06d7b14ae81e59b6f810)] -> xpath: //a[contains(text(),'Continue')]]
2023-12-19 20:12:487 INFO  HomePage :74 - Mouse hover on “Desktops” Tab and click [[ChromeDriver: chrome on windows (a1565556ec1d6e59f16db113b8d4edff)] -> link text: Desktops]
2023-12-19 20:12:494 INFO  HomePage :68 - Click Show All Desktops from homepage Top menu  []
2023-12-19 20:12:507 INFO  DesktopPage :38 - Verify the text ‘Desktops’[[ChromeDriver: chrome on windows (a1565556ec1d6e59f16db113b8d4edff)] -> xpath: //h2[contains(text(),'Desktops')]]
2023-12-19 20:12:109 INFO  HomePage :80 - Mouse hover on “Laptops & Notebooks” Tab and click [[ChromeDriver: chrome on windows (51f6ad0360743759cbe6fc3405ac722d)] -> link text: Laptops & Notebooks]
2023-12-19 20:12:117 INFO  HomePage :68 - Click Show All Laptops & Notebooks from homepage Top menu  []
2023-12-19 20:12:133 INFO  LaptopAndNotebookPage :39 - Verify the text ‘Laptops & Notebooks’ [[ChromeDriver: chrome on windows (51f6ad0360743759cbe6fc3405ac722d)] -> xpath: //h2[contains(text(),'Laptops & Notebooks')]]
2023-12-19 20:12:748 INFO  HomePage :86 -  Mouse hover on “Components” Tab and click [[ChromeDriver: chrome on windows (56f85d547292912a24b507b2635b0c6a)] -> link text: Components]
2023-12-19 20:12:757 INFO  HomePage :68 - Click Show All Components from homepage Top menu  []
2023-12-19 20:12:770 INFO  ComponentsPage :23 - Verify the text ‘Components’ [[ChromeDriver: chrome on windows (56f85d547292912a24b507b2635b0c6a)] -> xpath: //h2[contains(text(),'Components')]]
2023-12-19 20:12:623 INFO  HomePage :74 - Mouse hover on “Desktops” Tab and click [[ChromeDriver: chrome on windows (40f87b088a219b9646e075ea4e1c761e)] -> link text: Desktops]
2023-12-19 20:12:114 INFO  HomePage :93 - Click on Show All Desktop tab [[ChromeDriver: chrome on windows (40f87b088a219b9646e075ea4e1c761e)] -> xpath: //a[normalize-space()='Show AllDesktops']]
2023-12-19 20:12:199 INFO  DesktopPage :44 - Click on sort by position [[ChromeDriver: chrome on windows (40f87b088a219b9646e075ea4e1c761e)] -> id: input-sort]
2023-12-19 20:12:727 INFO  DesktopPage :73 - Select option product sorted by Name (Z - A)from sort by options [[ChromeDriver: chrome on windows (40f87b088a219b9646e075ea4e1c761e)] -> id: input-sort]
2023-12-19 20:12:155 INFO  HomePage :74 - Mouse hover on “Desktops” Tab and click [[ChromeDriver: chrome on windows (5353a3e2a2bf7d0858f8b050bbc67964)] -> link text: Desktops]
2023-12-19 20:12:638 INFO  HomePage :93 - Click on Show All Desktop tab [[ChromeDriver: chrome on windows (5353a3e2a2bf7d0858f8b050bbc67964)] -> xpath: //a[normalize-space()='Show AllDesktops']]
2023-12-19 20:12:705 INFO  HomePage :105 - Clicking on Currency on top of page [[ChromeDriver: chrome on windows (5353a3e2a2bf7d0858f8b050bbc67964)] -> xpath: //span[normalize-space()='Currency']]
2023-12-19 20:12:472 INFO  HomePage :113 - Select £Pound Sterling from currency drop down list [[[ChromeDriver: chrome on windows (5353a3e2a2bf7d0858f8b050bbc67964)] -> xpath: //ul[@class = 'dropdown-menu']/li], [[ChromeDriver: chrome on windows (5353a3e2a2bf7d0858f8b050bbc67964)] -> xpath: //ul[@class = 'dropdown-menu']/li], [[ChromeDriver: chrome on windows (5353a3e2a2bf7d0858f8b050bbc67964)] -> xpath: //ul[@class = 'dropdown-menu']/li]]
2023-12-19 20:12:07 INFO  DesktopPage :73 - Select option product sorted by Name (A - Z)from sort by options [[ChromeDriver: chrome on windows (5353a3e2a2bf7d0858f8b050bbc67964)] -> id: input-sort]
2023-12-19 20:12:821 INFO  DesktopPage :78 - Clicking on HP LP3065 [[ChromeDriver: chrome on windows (5353a3e2a2bf7d0858f8b050bbc67964)] -> xpath: //a[contains(text(),'HP LP3065')]]
2023-12-19 20:12:841 INFO  ProductPage :52 - Verify the Text "HP LP3065" [[ChromeDriver: chrome on windows (5353a3e2a2bf7d0858f8b050bbc67964)] -> xpath: //a[contains(text(),'HP LP3065')]]
2023-12-19 20:12:931 INFO  ProductPage :58 - Select 2022November30 to date field [[ChromeDriver: chrome on windows (5353a3e2a2bf7d0858f8b050bbc67964)] -> xpath: //div[@class = 'input-group date']//button]
2023-12-19 20:12:212 INFO  ProductPage :82 - Enter Qty 1 to quantity field [[ChromeDriver: chrome on windows (5353a3e2a2bf7d0858f8b050bbc67964)] -> xpath: //input[@id='input-quantity']]
2023-12-19 20:12:861 INFO  ProductPage :87 - Clicking on Login Button [[ChromeDriver: chrome on windows (5353a3e2a2bf7d0858f8b050bbc67964)] -> xpath: //button[@id='button-cart']]
2023-12-19 20:12:393 INFO  ProductPage :91 - Verify the Message “Success: You have added HP LP3065 to your shopping cart!” [[ChromeDriver: chrome on windows (5353a3e2a2bf7d0858f8b050bbc67964)] -> xpath: //div[@class='alert alert-success alert-dismissible']]
2023-12-19 20:12:444 INFO  ProductPage :97 - Click on link “shopping cart” display into success message [[ChromeDriver: chrome on windows (5353a3e2a2bf7d0858f8b050bbc67964)] -> xpath: //a[contains(text(),'shopping cart')]]
2023-12-19 20:12:466 INFO  ShoppingCartPage :47 -  Verify the text Shopping Cart [[ChromeDriver: chrome on windows (5353a3e2a2bf7d0858f8b050bbc67964)] -> xpath: //div[@id='content']//h1]
2023-12-19 20:12:492 INFO  ShoppingCartPage :52 - Verify the Product name HP LP3065 [[ChromeDriver: chrome on windows (5353a3e2a2bf7d0858f8b050bbc67964)] -> xpath: //div[@class = 'table-responsive']/table/tbody/tr/td[2]/a]
2023-12-19 20:12:527 INFO  ShoppingCartPage :57 - Verify the Delivery Date 2022-11-30 [[ChromeDriver: chrome on windows (5353a3e2a2bf7d0858f8b050bbc67964)] -> xpath: //div[@class = 'table-responsive']/table/tbody/tr/td[2]/small[1]]
2023-12-19 20:12:554 INFO  ShoppingCartPage :62 - Verify the Model Product21 [[ChromeDriver: chrome on windows (5353a3e2a2bf7d0858f8b050bbc67964)] -> xpath: //div[@class = 'table-responsive']/table/tbody/tr/td[3]]
2023-12-19 20:12:582 INFO  ShoppingCartPage :67 - Verify the Total £74.73 [[ChromeDriver: chrome on windows (5353a3e2a2bf7d0858f8b050bbc67964)] -> xpath: //div[@class = 'table-responsive']/table/tbody/tr/td[6]]
2023-12-19 20:12:758 INFO  HomePage :80 - Mouse hover on “Laptops & Notebooks” Tab and click [[ChromeDriver: chrome on windows (758c7b015d135b8b6810774a2aa50b97)] -> link text: Laptops & Notebooks]
2023-12-19 20:12:208 INFO  HomePage :99 - Click on Show All LaptopAndNotebook Tab [[ChromeDriver: chrome on windows (758c7b015d135b8b6810774a2aa50b97)] -> xpath: //a[normalize-space()='Show AllLaptops & Notebooks']]
2023-12-19 20:12:284 INFO  DesktopPage :44 - Click on sort by position [[ChromeDriver: chrome on windows (758c7b015d135b8b6810774a2aa50b97)] -> id: input-sort]
2023-12-19 20:12:756 INFO  DesktopPage :73 - Select option product sorted by Price (High > Low)from sort by options [[ChromeDriver: chrome on windows (758c7b015d135b8b6810774a2aa50b97)] -> id: input-sort]
2023-12-19 20:12:843 INFO  LaptopAndNotebookPage :63 - Verify Product sorted  price High to low [[[ChromeDriver: chrome on windows (758c7b015d135b8b6810774a2aa50b97)] -> xpath: //p[@class ='price']], [[ChromeDriver: chrome on windows (758c7b015d135b8b6810774a2aa50b97)] -> xpath: //p[@class ='price']], [[ChromeDriver: chrome on windows (758c7b015d135b8b6810774a2aa50b97)] -> xpath: //p[@class ='price']], [[ChromeDriver: chrome on windows (758c7b015d135b8b6810774a2aa50b97)] -> xpath: //p[@class ='price']], [[ChromeDriver: chrome on windows (758c7b015d135b8b6810774a2aa50b97)] -> xpath: //p[@class ='price']]]
2023-12-19 20:12:905 INFO  LaptopAndNotebookPage :63 - Verify Product sorted  price High to low [[[ChromeDriver: chrome on windows (758c7b015d135b8b6810774a2aa50b97)] -> xpath: //p[@class ='price']], [[ChromeDriver: chrome on windows (758c7b015d135b8b6810774a2aa50b97)] -> xpath: //p[@class ='price']], [[ChromeDriver: chrome on windows (758c7b015d135b8b6810774a2aa50b97)] -> xpath: //p[@class ='price']], [[ChromeDriver: chrome on windows (758c7b015d135b8b6810774a2aa50b97)] -> xpath: //p[@class ='price']], [[ChromeDriver: chrome on windows (758c7b015d135b8b6810774a2aa50b97)] -> xpath: //p[@class ='price']]]
2023-12-19 20:12:139 INFO  HomePage :80 - Mouse hover on “Laptops & Notebooks” Tab and click [[ChromeDriver: chrome on windows (33d5916b2dc22c712e7bca6d5d383fc6)] -> link text: Laptops & Notebooks]
2023-12-19 20:12:602 INFO  HomePage :99 - Click on Show All LaptopAndNotebook Tab [[ChromeDriver: chrome on windows (33d5916b2dc22c712e7bca6d5d383fc6)] -> xpath: //a[normalize-space()='Show AllLaptops & Notebooks']]
2023-12-19 20:12:659 INFO  HomePage :105 - Clicking on Currency on top of page [[ChromeDriver: chrome on windows (33d5916b2dc22c712e7bca6d5d383fc6)] -> xpath: //span[normalize-space()='Currency']]
2023-12-19 20:12:385 INFO  HomePage :113 - Select £Pound Sterling from currency drop down list [[[ChromeDriver: chrome on windows (33d5916b2dc22c712e7bca6d5d383fc6)] -> xpath: //ul[@class = 'dropdown-menu']/li], [[ChromeDriver: chrome on windows (33d5916b2dc22c712e7bca6d5d383fc6)] -> xpath: //ul[@class = 'dropdown-menu']/li], [[ChromeDriver: chrome on windows (33d5916b2dc22c712e7bca6d5d383fc6)] -> xpath: //ul[@class = 'dropdown-menu']/li]]
2023-12-19 20:12:870 INFO  DesktopPage :73 - Select option product sorted by Price (High > Low)from sort by options [[ChromeDriver: chrome on windows (33d5916b2dc22c712e7bca6d5d383fc6)] -> id: input-sort]
2023-12-19 20:12:798 INFO  LaptopAndNotebookPage :80 - Select Macbook[[ChromeDriver: chrome on windows (33d5916b2dc22c712e7bca6d5d383fc6)] -> link text: MacBook]
2023-12-19 20:12:818 INFO  ProductPage :101 - Verify text MacBook [[ChromeDriver: chrome on windows (33d5916b2dc22c712e7bca6d5d383fc6)] -> xpath: //h1[contains(text(),'MacBook')]]
2023-12-19 20:12:464 INFO  ProductPage :87 - Clicking on Login Button [[ChromeDriver: chrome on windows (33d5916b2dc22c712e7bca6d5d383fc6)] -> xpath: //button[@id='button-cart']]
2023-12-19 20:12:983 INFO  ProductPage :91 - Verify the Message “Success: You have added HP LP3065 to your shopping cart!” [[ChromeDriver: chrome on windows (33d5916b2dc22c712e7bca6d5d383fc6)] -> xpath: //div[@class='alert alert-success alert-dismissible']]
2023-12-19 20:12:05 INFO  ProductPage :97 - Click on link “shopping cart” display into success message [[ChromeDriver: chrome on windows (33d5916b2dc22c712e7bca6d5d383fc6)] -> xpath: //a[contains(text(),'shopping cart')]]
2023-12-19 20:12:23 INFO  ShoppingCartPage :47 -  Verify the text Shopping Cart [[ChromeDriver: chrome on windows (33d5916b2dc22c712e7bca6d5d383fc6)] -> xpath: //div[@id='content']//h1]
2023-12-19 20:12:53 INFO  ShoppingCartPage :52 - Verify the Product name HP LP3065 [[ChromeDriver: chrome on windows (33d5916b2dc22c712e7bca6d5d383fc6)] -> xpath: //div[@class = 'table-responsive']/table/tbody/tr/td[2]/a]
2023-12-19 20:12:198 INFO  ShoppingCartPage :74 - Change Quantity 2 to quantity field [[ChromeDriver: chrome on windows (33d5916b2dc22c712e7bca6d5d383fc6)] -> xpath: //div[@class='input-group btn-block']/input[@type='text']]
2023-12-19 20:12:910 INFO  ShoppingCartPage :79 -  Click on “Update” Tab [[ChromeDriver: chrome on windows (33d5916b2dc22c712e7bca6d5d383fc6)] -> xpath: //i[@class = 'fa fa-refresh']]
2023-12-19 20:12:939 INFO  ShoppingCartPage :83 - Getting welcome back text [[ChromeDriver: chrome on windows (33d5916b2dc22c712e7bca6d5d383fc6)] -> xpath: //div[@id='checkout-cart']/div[1]]
2023-12-19 20:12:968 INFO  ShoppingCartPage :67 - Verify the Total £74.73 [[ChromeDriver: chrome on windows (33d5916b2dc22c712e7bca6d5d383fc6)] -> xpath: //div[@class = 'table-responsive']/table/tbody/tr/td[6]]
2023-12-19 20:12:405 INFO  ShoppingCartPage :89 - Click on “Checkout” button [[ChromeDriver: chrome on windows (33d5916b2dc22c712e7bca6d5d383fc6)] -> css selector: a.btn.btn-primary]
2023-12-19 20:12:436 INFO  CheckoutPage :76 - Verify the text “Checkout” [[ChromeDriver: chrome on windows (33d5916b2dc22c712e7bca6d5d383fc6)] -> xpath: //div[@id='content']/h1]
2023-12-19 20:12:971 INFO  CheckoutPage :82 - Verify the Text “New Customer” [[ChromeDriver: chrome on windows (33d5916b2dc22c712e7bca6d5d383fc6)] -> xpath: //h2[contains(text(),'New Customer')]]
2023-12-19 20:12:559 INFO  CheckoutPage :89 - Click on “Guest Checkout” radio button [[ChromeDriver: chrome on windows (33d5916b2dc22c712e7bca6d5d383fc6)] -> xpath: //input[@value='guest']]
2023-12-19 20:12:636 INFO  CheckoutPage :95 - Click on “Continue” tab [[ChromeDriver: chrome on windows (33d5916b2dc22c712e7bca6d5d383fc6)] -> xpath: //input[@id='button-account']]
2023-12-19 20:12:39 INFO  CheckoutPage :101 - Enter firstname Tom to firstname field [[ChromeDriver: chrome on windows (33d5916b2dc22c712e7bca6d5d383fc6)] -> id: input-payment-firstname]
2023-12-19 20:12:219 INFO  CheckoutPage :107 - Enter lastname Patel to lastname field [[ChromeDriver: chrome on windows (33d5916b2dc22c712e7bca6d5d383fc6)] -> id: input-payment-lastname]
2023-12-19 20:12:385 INFO  CheckoutPage :113 - Enter email mnb to email field [[ChromeDriver: chrome on windows (33d5916b2dc22c712e7bca6d5d383fc6)] -> id: input-payment-email]
2023-12-19 20:12:507 INFO  CheckoutPage :119 - Enter phoneNumber 01122334455 to phoneNumber field [[ChromeDriver: chrome on windows (33d5916b2dc22c712e7bca6d5d383fc6)] -> id: input-payment-telephone]
2023-12-19 20:12:645 INFO  CheckoutPage :125 - Enter address Line 1 10 downing road to address field [[ChromeDriver: chrome on windows (33d5916b2dc22c712e7bca6d5d383fc6)] -> id: input-payment-address-1]
2023-12-19 20:12:754 INFO  CheckoutPage :131 - Enter city London to city field [[ChromeDriver: chrome on windows (33d5916b2dc22c712e7bca6d5d383fc6)] -> id: input-payment-city]
2023-12-19 20:12:885 INFO  CheckoutPage :137 - Enter postcode ec1 2rx to postcode field [[ChromeDriver: chrome on windows (33d5916b2dc22c712e7bca6d5d383fc6)] -> id: input-payment-postcode]
2023-12-19 20:12:996 INFO  CheckoutPage :143 - Select country United Kingdom to country field [[ChromeDriver: chrome on windows (33d5916b2dc22c712e7bca6d5d383fc6)] -> id: input-payment-country]
2023-12-19 20:12:135 INFO  HomePage :128 - Select Login from myAccount drop down list [[[ChromeDriver: chrome on windows (4f6d005a7ee5b064d23f768b047a1a01)] -> xpath: //ul[@class='dropdown-menu dropdown-menu-right']/li], [[ChromeDriver: chrome on windows (4f6d005a7ee5b064d23f768b047a1a01)] -> xpath: //ul[@class='dropdown-menu dropdown-menu-right']/li]]
2023-12-19 20:12:160 INFO  LoginPage :36 - Verify the text “Returning Customer” [[ChromeDriver: chrome on windows (4f6d005a7ee5b064d23f768b047a1a01)] -> xpath: //h2[contains(text(),'Returning Customer')]]
2023-12-19 20:12:725 INFO  HomePage :128 - Select Login from myAccount drop down list [[[ChromeDriver: chrome on windows (1a65cd99f4d0ff931cb4cf4d8b1f3804)] -> xpath: //ul[@class='dropdown-menu dropdown-menu-right']/li], [[ChromeDriver: chrome on windows (1a65cd99f4d0ff931cb4cf4d8b1f3804)] -> xpath: //ul[@class='dropdown-menu dropdown-menu-right']/li]]
2023-12-19 20:12:853 INFO  LoginPage :43 - Enter email mnb@gmail.comto email field [[ChromeDriver: chrome on windows (1a65cd99f4d0ff931cb4cf4d8b1f3804)] -> id: input-email]
2023-12-19 20:12:949 INFO  LoginPage :49 - Enter password mnb@123to password field [[ChromeDriver: chrome on windows (1a65cd99f4d0ff931cb4cf4d8b1f3804)] -> id: input-password]
2023-12-19 20:12:752 INFO  LoginPage :55 - Clicking on Login Button [[ChromeDriver: chrome on windows (1a65cd99f4d0ff931cb4cf4d8b1f3804)] -> xpath: //input[@value='Login']]
2023-12-19 20:12:816 INFO  LoginPage :60 - Verify text “My Account” Proxy element for: DefaultElementLocator 'By.xpath: //h2[text()='My Account']'
2023-12-19 20:12:783 INFO  HomePage :128 - Select Register from myAccount drop down list [[[ChromeDriver: chrome on windows (2d3dd2a2338a4794104e57aa6ae8662e)] -> xpath: //ul[@class='dropdown-menu dropdown-menu-right']/li], [[ChromeDriver: chrome on windows (2d3dd2a2338a4794104e57aa6ae8662e)] -> xpath: //ul[@class='dropdown-menu dropdown-menu-right']/li]]
2023-12-19 20:12:804 INFO  RegisterPage :58 - Verify the text “Register Account”. [[ChromeDriver: chrome on windows (2d3dd2a2338a4794104e57aa6ae8662e)] -> xpath: //h1[contains(text(),'Register Account')]]
2023-12-19 20:12:791 INFO  HomePage :128 - Select Register from myAccount drop down list [[[ChromeDriver: chrome on windows (6dda452bbc2ed6261176c503a8cb5be8)] -> xpath: //ul[@class='dropdown-menu dropdown-menu-right']/li], [[ChromeDriver: chrome on windows (6dda452bbc2ed6261176c503a8cb5be8)] -> xpath: //ul[@class='dropdown-menu dropdown-menu-right']/li]]
2023-12-19 20:12:880 INFO  RegisterPage :64 - Enter Firstname Tom to Firstname field [[ChromeDriver: chrome on windows (6dda452bbc2ed6261176c503a8cb5be8)] -> id: input-firstname]
2023-12-19 20:12:959 INFO  RegisterPage :69 - Enter Lastname Patel to Lastname field [[ChromeDriver: chrome on windows (6dda452bbc2ed6261176c503a8cb5be8)] -> id: input-lastname]
2023-12-19 20:12:65 INFO  RegisterPage :74 - Enter email patelxjvD@gmail.com to email field [[ChromeDriver: chrome on windows (6dda452bbc2ed6261176c503a8cb5be8)] -> id: input-email]
2023-12-19 20:12:155 INFO  RegisterPage :79 - Enter Telephone 01122333355 to Telephone field [[ChromeDriver: chrome on windows (6dda452bbc2ed6261176c503a8cb5be8)] -> id: input-telephone]
2023-12-19 20:12:239 INFO  RegisterPage :84 - Enter Password mnb@123 to Password field [[ChromeDriver: chrome on windows (6dda452bbc2ed6261176c503a8cb5be8)] -> id: input-password]
2023-12-19 20:12:326 INFO  RegisterPage :89 - Enter ConfirmPassword mnb@123 to ConfirmPassword field [[ChromeDriver: chrome on windows (6dda452bbc2ed6261176c503a8cb5be8)] -> id: input-confirm]
2023-12-19 20:12:366 INFO  RegisterPage :101 - Select Subscribe Yes radio button [[[ChromeDriver: chrome on windows (6dda452bbc2ed6261176c503a8cb5be8)] -> xpath: //fieldset[3]//input], [[ChromeDriver: chrome on windows (6dda452bbc2ed6261176c503a8cb5be8)] -> xpath: //fieldset[3]//input]]
2023-12-19 20:12:443 INFO  RegisterPage :106 - Click on Privacy Policy check box [[ChromeDriver: chrome on windows (6dda452bbc2ed6261176c503a8cb5be8)] -> xpath: //input[@name='agree']]
2023-12-19 20:12:751 INFO  RegisterPage :111 - Clicking on Continue Button [[ChromeDriver: chrome on windows (6dda452bbc2ed6261176c503a8cb5be8)] -> xpath: //input[@type='submit']]
2023-12-19 20:12:788 INFO  RegisterPage :115 - Verify the message “Your Account Has Been Created!” [[ChromeDriver: chrome on windows (6dda452bbc2ed6261176c503a8cb5be8)] -> xpath: //h1[text()='Your Account Has Been Created!']]
2023-12-19 20:12:225 INFO  RegisterPage :121 - Clicking on Continue Button [[ChromeDriver: chrome on windows (6dda452bbc2ed6261176c503a8cb5be8)] -> xpath: //a[text()='Continue']]
2023-12-19 20:12:25 INFO  HomePage :128 - Select Logout from myAccount drop down list [[[ChromeDriver: chrome on windows (6dda452bbc2ed6261176c503a8cb5be8)] -> xpath: //ul[@class='dropdown-menu dropdown-menu-right']/li], [[ChromeDriver: chrome on windows (6dda452bbc2ed6261176c503a8cb5be8)] -> xpath: //ul[@class='dropdown-menu dropdown-menu-right']/li], [[ChromeDriver: chrome on windows (6dda452bbc2ed6261176c503a8cb5be8)] -> xpath: //ul[@class='dropdown-menu dropdown-menu-right']/li], [[ChromeDriver: chrome on windows (6dda452bbc2ed6261176c503a8cb5be8)] -> xpath: //ul[@class='dropdown-menu dropdown-menu-right']/li], [[ChromeDriver: chrome on windows (6dda452bbc2ed6261176c503a8cb5be8)] -> xpath: //ul[@class='dropdown-menu dropdown-menu-right']/li]]
2023-12-19 20:12:59 INFO  LogoutPage :27 - Verify text "Account Logout" [[ChromeDriver: chrome on windows (6dda452bbc2ed6261176c503a8cb5be8)] -> xpath: //h1[text()='Account Logout']]
2023-12-19 20:12:521 INFO  LogoutPage :33 - Clicking on Continue Button [[ChromeDriver: chrome on windows (6dda452bbc2ed6261176c503a8cb5be8)] -> xpath: //a[contains(text(),'Continue')]]
2023-12-19 20:12:213 INFO  HomePage :74 - Mouse hover on “Desktops” Tab and click [[ChromeDriver: chrome on windows (e2139a03c35d98100c3a0cb409d0c0ce)] -> link text: Desktops]
2023-12-19 20:12:256 INFO  HomePage :68 - Click Show All Desktops from homepage Top menu  []
2023-12-19 20:12:270 INFO  DesktopPage :38 - Verify the text ‘Desktops’[[ChromeDriver: chrome on windows (e2139a03c35d98100c3a0cb409d0c0ce)] -> xpath: //h2[contains(text(),'Desktops')]]
2023-12-19 20:12:769 INFO  HomePage :80 - Mouse hover on “Laptops & Notebooks” Tab and click [[ChromeDriver: chrome on windows (fad36f25e833ae058d4d63792f6e3a3f)] -> link text: Laptops & Notebooks]
2023-12-19 20:12:800 INFO  HomePage :68 - Click Show All Laptops & Notebooks from homepage Top menu  []
2023-12-19 20:12:814 INFO  LaptopAndNotebookPage :39 - Verify the text ‘Laptops & Notebooks’ [[ChromeDriver: chrome on windows (fad36f25e833ae058d4d63792f6e3a3f)] -> xpath: //h2[contains(text(),'Laptops & Notebooks')]]
2023-12-19 20:12:117 INFO  HomePage :86 -  Mouse hover on “Components” Tab and click [[ChromeDriver: chrome on windows (e6d04248ace5e9a2a6dee56c3fc01187)] -> link text: Components]
2023-12-19 20:12:148 INFO  HomePage :68 - Click Show All Components from homepage Top menu  []
2023-12-19 20:12:163 INFO  ComponentsPage :23 - Verify the text ‘Components’ [[ChromeDriver: chrome on windows (e6d04248ace5e9a2a6dee56c3fc01187)] -> xpath: //h2[contains(text(),'Components')]]
2023-12-19 20:12:709 INFO  HomePage :74 - Mouse hover on “Desktops” Tab and click [[ChromeDriver: chrome on windows (1b7eb7d6763c50f5d3cd0883828e6bd7)] -> link text: Desktops]
2023-12-19 20:12:274 INFO  HomePage :93 - Click on Show All Desktop tab [[ChromeDriver: chrome on windows (1b7eb7d6763c50f5d3cd0883828e6bd7)] -> xpath: //a[normalize-space()='Show AllDesktops']]
2023-12-19 20:12:629 INFO  DesktopPage :44 - Click on sort by position [[ChromeDriver: chrome on windows (1b7eb7d6763c50f5d3cd0883828e6bd7)] -> id: input-sort]
2023-12-19 20:12:340 INFO  DesktopPage :73 - Select option product sorted by Name (Z - A)from sort by options [[ChromeDriver: chrome on windows (1b7eb7d6763c50f5d3cd0883828e6bd7)] -> id: input-sort]
2023-12-19 20:12:318 INFO  HomePage :74 - Mouse hover on “Desktops” Tab and click [[ChromeDriver: chrome on windows (7fe3f479005513f4e9542060a8dfcf12)] -> link text: Desktops]
2023-12-19 20:12:796 INFO  HomePage :93 - Click on Show All Desktop tab [[ChromeDriver: chrome on windows (7fe3f479005513f4e9542060a8dfcf12)] -> xpath: //a[normalize-space()='Show AllDesktops']]
2023-12-19 20:12:857 INFO  HomePage :105 - Clicking on Currency on top of page [[ChromeDriver: chrome on windows (7fe3f479005513f4e9542060a8dfcf12)] -> xpath: //span[normalize-space()='Currency']]
2023-12-19 20:12:592 INFO  HomePage :113 - Select £Pound Sterling from currency drop down list [[[ChromeDriver: chrome on windows (7fe3f479005513f4e9542060a8dfcf12)] -> xpath: //ul[@class = 'dropdown-menu']/li], [[ChromeDriver: chrome on windows (7fe3f479005513f4e9542060a8dfcf12)] -> xpath: //ul[@class = 'dropdown-menu']/li], [[ChromeDriver: chrome on windows (7fe3f479005513f4e9542060a8dfcf12)] -> xpath: //ul[@class = 'dropdown-menu']/li]]
2023-12-19 20:12:104 INFO  DesktopPage :73 - Select option product sorted by Name (A - Z)from sort by options [[ChromeDriver: chrome on windows (7fe3f479005513f4e9542060a8dfcf12)] -> id: input-sort]
2023-12-19 20:12:100 INFO  DesktopPage :78 - Clicking on HP LP3065 [[ChromeDriver: chrome on windows (7fe3f479005513f4e9542060a8dfcf12)] -> xpath: //a[contains(text(),'HP LP3065')]]
2023-12-19 20:12:118 INFO  ProductPage :52 - Verify the Text "HP LP3065" [[ChromeDriver: chrome on windows (7fe3f479005513f4e9542060a8dfcf12)] -> xpath: //a[contains(text(),'HP LP3065')]]
2023-12-19 20:12:202 INFO  ProductPage :58 - Select 2022November30 to date field [[ChromeDriver: chrome on windows (7fe3f479005513f4e9542060a8dfcf12)] -> xpath: //div[@class = 'input-group date']//button]
2023-12-19 20:12:607 INFO  ProductPage :82 - Enter Qty 1 to quantity field [[ChromeDriver: chrome on windows (7fe3f479005513f4e9542060a8dfcf12)] -> xpath: //input[@id='input-quantity']]
2023-12-19 20:12:255 INFO  ProductPage :87 - Clicking on Login Button [[ChromeDriver: chrome on windows (7fe3f479005513f4e9542060a8dfcf12)] -> xpath: //button[@id='button-cart']]
2023-12-19 20:12:773 INFO  ProductPage :91 - Verify the Message “Success: You have added HP LP3065 to your shopping cart!” [[ChromeDriver: chrome on windows (7fe3f479005513f4e9542060a8dfcf12)] -> xpath: //div[@class='alert alert-success alert-dismissible']]
2023-12-19 20:12:794 INFO  ProductPage :97 - Click on link “shopping cart” display into success message [[ChromeDriver: chrome on windows (7fe3f479005513f4e9542060a8dfcf12)] -> xpath: //a[contains(text(),'shopping cart')]]
2023-12-19 20:12:821 INFO  ShoppingCartPage :47 -  Verify the text Shopping Cart [[ChromeDriver: chrome on windows (7fe3f479005513f4e9542060a8dfcf12)] -> xpath: //div[@id='content']//h1]
2023-12-19 20:12:852 INFO  ShoppingCartPage :52 - Verify the Product name HP LP3065 [[ChromeDriver: chrome on windows (7fe3f479005513f4e9542060a8dfcf12)] -> xpath: //div[@class = 'table-responsive']/table/tbody/tr/td[2]/a]
2023-12-19 20:12:888 INFO  ShoppingCartPage :57 - Verify the Delivery Date 2022-11-30 [[ChromeDriver: chrome on windows (7fe3f479005513f4e9542060a8dfcf12)] -> xpath: //div[@class = 'table-responsive']/table/tbody/tr/td[2]/small[1]]
2023-12-19 20:12:921 INFO  ShoppingCartPage :62 - Verify the Model Product21 [[ChromeDriver: chrome on windows (7fe3f479005513f4e9542060a8dfcf12)] -> xpath: //div[@class = 'table-responsive']/table/tbody/tr/td[3]]
2023-12-19 20:12:947 INFO  ShoppingCartPage :67 - Verify the Total £74.73 [[ChromeDriver: chrome on windows (7fe3f479005513f4e9542060a8dfcf12)] -> xpath: //div[@class = 'table-responsive']/table/tbody/tr/td[6]]
2023-12-19 20:12:364 INFO  HomePage :80 - Mouse hover on “Laptops & Notebooks” Tab and click [[ChromeDriver: chrome on windows (c40506b1ed48fe9cc0cc399b08867582)] -> link text: Laptops & Notebooks]
2023-12-19 20:12:813 INFO  HomePage :99 - Click on Show All LaptopAndNotebook Tab [[ChromeDriver: chrome on windows (c40506b1ed48fe9cc0cc399b08867582)] -> xpath: //a[normalize-space()='Show AllLaptops & Notebooks']]
2023-12-19 20:12:879 INFO  DesktopPage :44 - Click on sort by position [[ChromeDriver: chrome on windows (c40506b1ed48fe9cc0cc399b08867582)] -> id: input-sort]
2023-12-19 20:12:352 INFO  DesktopPage :73 - Select option product sorted by Price (High > Low)from sort by options [[ChromeDriver: chrome on windows (c40506b1ed48fe9cc0cc399b08867582)] -> id: input-sort]
2023-12-19 20:12:429 INFO  LaptopAndNotebookPage :63 - Verify Product sorted  price High to low [[[ChromeDriver: chrome on windows (c40506b1ed48fe9cc0cc399b08867582)] -> xpath: //p[@class ='price']], [[ChromeDriver: chrome on windows (c40506b1ed48fe9cc0cc399b08867582)] -> xpath: //p[@class ='price']], [[ChromeDriver: chrome on windows (c40506b1ed48fe9cc0cc399b08867582)] -> xpath: //p[@class ='price']], [[ChromeDriver: chrome on windows (c40506b1ed48fe9cc0cc399b08867582)] -> xpath: //p[@class ='price']], [[ChromeDriver: chrome on windows (c40506b1ed48fe9cc0cc399b08867582)] -> xpath: //p[@class ='price']]]
2023-12-19 20:12:489 INFO  LaptopAndNotebookPage :63 - Verify Product sorted  price High to low [[[ChromeDriver: chrome on windows (c40506b1ed48fe9cc0cc399b08867582)] -> xpath: //p[@class ='price']], [[ChromeDriver: chrome on windows (c40506b1ed48fe9cc0cc399b08867582)] -> xpath: //p[@class ='price']], [[ChromeDriver: chrome on windows (c40506b1ed48fe9cc0cc399b08867582)] -> xpath: //p[@class ='price']], [[ChromeDriver: chrome on windows (c40506b1ed48fe9cc0cc399b08867582)] -> xpath: //p[@class ='price']], [[ChromeDriver: chrome on windows (c40506b1ed48fe9cc0cc399b08867582)] -> xpath: //p[@class ='price']]]
2023-12-19 20:12:82 INFO  HomePage :80 - Mouse hover on “Laptops & Notebooks” Tab and click [[ChromeDriver: chrome on windows (1c73b69b475baa0b5c3525947f085660)] -> link text: Laptops & Notebooks]
2023-12-19 20:12:807 INFO  HomePage :99 - Click on Show All LaptopAndNotebook Tab [[ChromeDriver: chrome on windows (1c73b69b475baa0b5c3525947f085660)] -> xpath: //a[normalize-space()='Show AllLaptops & Notebooks']]
2023-12-19 20:12:860 INFO  HomePage :105 - Clicking on Currency on top of page [[ChromeDriver: chrome on windows (1c73b69b475baa0b5c3525947f085660)] -> xpath: //span[normalize-space()='Currency']]
2023-12-19 20:12:787 INFO  HomePage :113 - Select £Pound Sterling from currency drop down list [[[ChromeDriver: chrome on windows (1c73b69b475baa0b5c3525947f085660)] -> xpath: //ul[@class = 'dropdown-menu']/li], [[ChromeDriver: chrome on windows (1c73b69b475baa0b5c3525947f085660)] -> xpath: //ul[@class = 'dropdown-menu']/li], [[ChromeDriver: chrome on windows (1c73b69b475baa0b5c3525947f085660)] -> xpath: //ul[@class = 'dropdown-menu']/li]]
2023-12-19 20:12:252 INFO  DesktopPage :73 - Select option product sorted by Price (High > Low)from sort by options [[ChromeDriver: chrome on windows (1c73b69b475baa0b5c3525947f085660)] -> id: input-sort]
2023-12-19 20:12:325 INFO  LaptopAndNotebookPage :80 - Select Macbook[[ChromeDriver: chrome on windows (1c73b69b475baa0b5c3525947f085660)] -> link text: MacBook]
2023-12-19 20:12:342 INFO  ProductPage :101 - Verify text MacBook [[ChromeDriver: chrome on windows (1c73b69b475baa0b5c3525947f085660)] -> xpath: //h1[contains(text(),'MacBook')]]
2023-12-19 20:12:988 INFO  ProductPage :87 - Clicking on Login Button [[ChromeDriver: chrome on windows (1c73b69b475baa0b5c3525947f085660)] -> xpath: //button[@id='button-cart']]
2023-12-19 20:12:729 INFO  ProductPage :91 - Verify the Message “Success: You have added HP LP3065 to your shopping cart!” [[ChromeDriver: chrome on windows (1c73b69b475baa0b5c3525947f085660)] -> xpath: //div[@class='alert alert-success alert-dismissible']]
2023-12-19 20:12:732 INFO  ProductPage :97 - Click on link “shopping cart” display into success message [[ChromeDriver: chrome on windows (1c73b69b475baa0b5c3525947f085660)] -> xpath: //a[contains(text(),'shopping cart')]]
2023-12-19 20:12:753 INFO  ShoppingCartPage :47 -  Verify the text Shopping Cart [[ChromeDriver: chrome on windows (1c73b69b475baa0b5c3525947f085660)] -> xpath: //div[@id='content']//h1]
2023-12-19 20:12:780 INFO  ShoppingCartPage :52 - Verify the Product name HP LP3065 [[ChromeDriver: chrome on windows (1c73b69b475baa0b5c3525947f085660)] -> xpath: //div[@class = 'table-responsive']/table/tbody/tr/td[2]/a]
2023-12-19 20:12:905 INFO  ShoppingCartPage :74 - Change Quantity 2 to quantity field [[ChromeDriver: chrome on windows (1c73b69b475baa0b5c3525947f085660)] -> xpath: //div[@class='input-group btn-block']/input[@type='text']]
2023-12-19 20:12:611 INFO  ShoppingCartPage :79 -  Click on “Update” Tab [[ChromeDriver: chrome on windows (1c73b69b475baa0b5c3525947f085660)] -> xpath: //i[@class = 'fa fa-refresh']]
2023-12-19 20:12:630 INFO  ShoppingCartPage :83 - Getting welcome back text [[ChromeDriver: chrome on windows (1c73b69b475baa0b5c3525947f085660)] -> xpath: //div[@id='checkout-cart']/div[1]]
2023-12-19 20:12:657 INFO  ShoppingCartPage :67 - Verify the Total £74.73 [[ChromeDriver: chrome on windows (1c73b69b475baa0b5c3525947f085660)] -> xpath: //div[@class = 'table-responsive']/table/tbody/tr/td[6]]
2023-12-19 20:12:82 INFO  ShoppingCartPage :89 - Click on “Checkout” button [[ChromeDriver: chrome on windows (1c73b69b475baa0b5c3525947f085660)] -> css selector: a.btn.btn-primary]
2023-12-19 20:12:109 INFO  CheckoutPage :76 - Verify the text “Checkout” [[ChromeDriver: chrome on windows (1c73b69b475baa0b5c3525947f085660)] -> xpath: //div[@id='content']/h1]
2023-12-19 20:12:640 INFO  CheckoutPage :82 - Verify the Text “New Customer” [[ChromeDriver: chrome on windows (1c73b69b475baa0b5c3525947f085660)] -> xpath: //h2[contains(text(),'New Customer')]]
2023-12-19 20:12:209 INFO  CheckoutPage :89 - Click on “Guest Checkout” radio button [[ChromeDriver: chrome on windows (1c73b69b475baa0b5c3525947f085660)] -> xpath: //input[@value='guest']]
2023-12-19 20:12:265 INFO  CheckoutPage :95 - Click on “Continue” tab [[ChromeDriver: chrome on windows (1c73b69b475baa0b5c3525947f085660)] -> xpath: //input[@id='button-account']]
2023-12-19 20:12:741 INFO  CheckoutPage :101 - Enter firstname Tom to firstname field [[ChromeDriver: chrome on windows (1c73b69b475baa0b5c3525947f085660)] -> id: input-payment-firstname]
2023-12-19 20:12:843 INFO  CheckoutPage :107 - Enter lastname Patel to lastname field [[ChromeDriver: chrome on windows (1c73b69b475baa0b5c3525947f085660)] -> id: input-payment-lastname]
2023-12-19 20:12:959 INFO  CheckoutPage :113 - Enter email mnb to email field [[ChromeDriver: chrome on windows (1c73b69b475baa0b5c3525947f085660)] -> id: input-payment-email]
2023-12-19 20:12:54 INFO  CheckoutPage :119 - Enter phoneNumber 01122334455 to phoneNumber field [[ChromeDriver: chrome on windows (1c73b69b475baa0b5c3525947f085660)] -> id: input-payment-telephone]
2023-12-19 20:12:157 INFO  CheckoutPage :125 - Enter address Line 1 10 downing road to address field [[ChromeDriver: chrome on windows (1c73b69b475baa0b5c3525947f085660)] -> id: input-payment-address-1]
2023-12-19 20:12:239 INFO  CheckoutPage :131 - Enter city London to city field [[ChromeDriver: chrome on windows (1c73b69b475baa0b5c3525947f085660)] -> id: input-payment-city]
2023-12-19 20:12:320 INFO  CheckoutPage :137 - Enter postcode ec1 2rx to postcode field [[ChromeDriver: chrome on windows (1c73b69b475baa0b5c3525947f085660)] -> id: input-payment-postcode]
2023-12-19 20:12:398 INFO  CheckoutPage :143 - Select country United Kingdom to country field [[ChromeDriver: chrome on windows (1c73b69b475baa0b5c3525947f085660)] -> id: input-payment-country]
2023-12-19 20:12:582 INFO  HomePage :128 - Select Login from myAccount drop down list [[[ChromeDriver: chrome on windows (1c294aa839b6b9c6240b723de89de8f1)] -> xpath: //ul[@class='dropdown-menu dropdown-menu-right']/li], [[ChromeDriver: chrome on windows (1c294aa839b6b9c6240b723de89de8f1)] -> xpath: //ul[@class='dropdown-menu dropdown-menu-right']/li]]
2023-12-19 20:12:604 INFO  LoginPage :36 - Verify the text “Returning Customer” [[ChromeDriver: chrome on windows (1c294aa839b6b9c6240b723de89de8f1)] -> xpath: //h2[contains(text(),'Returning Customer')]]
2023-12-19 20:12:604 INFO  HomePage :128 - Select Login from myAccount drop down list [[[ChromeDriver: chrome on windows (3ceaaadffb1a9900b8aa2cb1a485223e)] -> xpath: //ul[@class='dropdown-menu dropdown-menu-right']/li], [[ChromeDriver: chrome on windows (3ceaaadffb1a9900b8aa2cb1a485223e)] -> xpath: //ul[@class='dropdown-menu dropdown-menu-right']/li]]
2023-12-19 20:12:714 INFO  LoginPage :43 - Enter email mnb@gmail.comto email field [[ChromeDriver: chrome on windows (3ceaaadffb1a9900b8aa2cb1a485223e)] -> id: input-email]
2023-12-19 20:12:804 INFO  LoginPage :49 - Enter password mnb@123to password field [[ChromeDriver: chrome on windows (3ceaaadffb1a9900b8aa2cb1a485223e)] -> id: input-password]
2023-12-19 20:12:270 INFO  LoginPage :55 - Clicking on Login Button [[ChromeDriver: chrome on windows (3ceaaadffb1a9900b8aa2cb1a485223e)] -> xpath: //input[@value='Login']]
2023-12-19 20:12:327 INFO  LoginPage :60 - Verify text “My Account” Proxy element for: DefaultElementLocator 'By.xpath: //h2[text()='My Account']'
2023-12-19 20:12:779 INFO  HomePage :128 - Select Register from myAccount drop down list [[[ChromeDriver: chrome on windows (6fc6bc6398cf4428b055c0ed4a44d119)] -> xpath: //ul[@class='dropdown-menu dropdown-menu-right']/li], [[ChromeDriver: chrome on windows (6fc6bc6398cf4428b055c0ed4a44d119)] -> xpath: //ul[@class='dropdown-menu dropdown-menu-right']/li]]
2023-12-19 20:12:800 INFO  RegisterPage :58 - Verify the text “Register Account”. [[ChromeDriver: chrome on windows (6fc6bc6398cf4428b055c0ed4a44d119)] -> xpath: //h1[contains(text(),'Register Account')]]
2023-12-19 20:12:664 INFO  HomePage :128 - Select Register from myAccount drop down list [[[ChromeDriver: chrome on windows (d4ccd007e7188d5edb172dba61007c6d)] -> xpath: //ul[@class='dropdown-menu dropdown-menu-right']/li], [[ChromeDriver: chrome on windows (d4ccd007e7188d5edb172dba61007c6d)] -> xpath: //ul[@class='dropdown-menu dropdown-menu-right']/li]]
2023-12-19 20:12:768 INFO  RegisterPage :64 - Enter Firstname Tom to Firstname field [[ChromeDriver: chrome on windows (d4ccd007e7188d5edb172dba61007c6d)] -> id: input-firstname]
2023-12-19 20:12:844 INFO  RegisterPage :69 - Enter Lastname Patel to Lastname field [[ChromeDriver: chrome on windows (d4ccd007e7188d5edb172dba61007c6d)] -> id: input-lastname]
2023-12-19 20:12:939 INFO  RegisterPage :74 - Enter email pateloNCq@gmail.com to email field [[ChromeDriver: chrome on windows (d4ccd007e7188d5edb172dba61007c6d)] -> id: input-email]
2023-12-19 20:12:18 INFO  RegisterPage :79 - Enter Telephone 01122333355 to Telephone field [[ChromeDriver: chrome on windows (d4ccd007e7188d5edb172dba61007c6d)] -> id: input-telephone]
2023-12-19 20:12:97 INFO  RegisterPage :84 - Enter Password mnb@123 to Password field [[ChromeDriver: chrome on windows (d4ccd007e7188d5edb172dba61007c6d)] -> id: input-password]
2023-12-19 20:12:187 INFO  RegisterPage :89 - Enter ConfirmPassword mnb@123 to ConfirmPassword field [[ChromeDriver: chrome on windows (d4ccd007e7188d5edb172dba61007c6d)] -> id: input-confirm]
2023-12-19 20:12:228 INFO  RegisterPage :101 - Select Subscribe Yes radio button [[[ChromeDriver: chrome on windows (d4ccd007e7188d5edb172dba61007c6d)] -> xpath: //fieldset[3]//input], [[ChromeDriver: chrome on windows (d4ccd007e7188d5edb172dba61007c6d)] -> xpath: //fieldset[3]//input]]
2023-12-19 20:12:295 INFO  RegisterPage :106 - Click on Privacy Policy check box [[ChromeDriver: chrome on windows (d4ccd007e7188d5edb172dba61007c6d)] -> xpath: //input[@name='agree']]
2023-12-19 20:12:647 INFO  RegisterPage :111 - Clicking on Continue Button [[ChromeDriver: chrome on windows (d4ccd007e7188d5edb172dba61007c6d)] -> xpath: //input[@type='submit']]
2023-12-19 20:12:675 INFO  RegisterPage :115 - Verify the message “Your Account Has Been Created!” [[ChromeDriver: chrome on windows (d4ccd007e7188d5edb172dba61007c6d)] -> xpath: //h1[text()='Your Account Has Been Created!']]
2023-12-19 20:12:105 INFO  RegisterPage :121 - Clicking on Continue Button [[ChromeDriver: chrome on windows (d4ccd007e7188d5edb172dba61007c6d)] -> xpath: //a[text()='Continue']]
2023-12-19 20:12:901 INFO  HomePage :128 - Select Logout from myAccount drop down list [[[ChromeDriver: chrome on windows (d4ccd007e7188d5edb172dba61007c6d)] -> xpath: //ul[@class='dropdown-menu dropdown-menu-right']/li], [[ChromeDriver: chrome on windows (d4ccd007e7188d5edb172dba61007c6d)] -> xpath: //ul[@class='dropdown-menu dropdown-menu-right']/li], [[ChromeDriver: chrome on windows (d4ccd007e7188d5edb172dba61007c6d)] -> xpath: //ul[@class='dropdown-menu dropdown-menu-right']/li], [[ChromeDriver: chrome on windows (d4ccd007e7188d5edb172dba61007c6d)] -> xpath: //ul[@class='dropdown-menu dropdown-menu-right']/li], [[ChromeDriver: chrome on windows (d4ccd007e7188d5edb172dba61007c6d)] -> xpath: //ul[@class='dropdown-menu dropdown-menu-right']/li]]
2023-12-19 20:12:920 INFO  LogoutPage :27 - Verify text "Account Logout" [[ChromeDriver: chrome on windows (d4ccd007e7188d5edb172dba61007c6d)] -> xpath: //h1[text()='Account Logout']]
2023-12-19 20:12:368 INFO  LogoutPage :33 - Clicking on Continue Button [[ChromeDriver: chrome on windows (d4ccd007e7188d5edb172dba61007c6d)] -> xpath: //a[contains(text(),'Continue')]]
2023-12-19 20:12:428 INFO  HomePage :74 - Mouse hover on “Desktops” Tab and click [[ChromeDriver: chrome on windows (ff770b926c7ad81ab1915af8fb21ae62)] -> link text: Desktops]
2023-12-19 20:12:451 INFO  HomePage :68 - Click Show All Desktops from homepage Top menu  []
2023-12-19 20:12:466 INFO  DesktopPage :38 - Verify the text ‘Desktops’[[ChromeDriver: chrome on windows (ff770b926c7ad81ab1915af8fb21ae62)] -> xpath: //h2[contains(text(),'Desktops')]]
2023-12-19 20:12:07 INFO  HomePage :80 - Mouse hover on “Laptops & Notebooks” Tab and click [[ChromeDriver: chrome on windows (a4fa78342552481ab01f767a4559014f)] -> link text: Laptops & Notebooks]
2023-12-19 20:12:34 INFO  HomePage :68 - Click Show All Laptops & Notebooks from homepage Top menu  []
2023-12-19 20:12:50 INFO  LaptopAndNotebookPage :39 - Verify the text ‘Laptops & Notebooks’ [[ChromeDriver: chrome on windows (a4fa78342552481ab01f767a4559014f)] -> xpath: //h2[contains(text(),'Laptops & Notebooks')]]
2023-12-19 20:12:637 INFO  HomePage :86 -  Mouse hover on “Components” Tab and click [[ChromeDriver: chrome on windows (126203733df3686d659f67d708a28dc7)] -> link text: Components]
2023-12-19 20:12:647 INFO  HomePage :68 - Click Show All Components from homepage Top menu  []
2023-12-19 20:12:664 INFO  ComponentsPage :23 - Verify the text ‘Components’ [[ChromeDriver: chrome on windows (126203733df3686d659f67d708a28dc7)] -> xpath: //h2[contains(text(),'Components')]]
2023-12-19 21:12:340 INFO  HomePage :74 - Mouse hover on “Desktops” Tab and click [[ChromeDriver: chrome on windows (aba0896f049d55469445d94b970c6fc4)] -> link text: Desktops]
2023-12-19 21:12:968 INFO  HomePage :93 - Click on Show All Desktop tab [[ChromeDriver: chrome on windows (aba0896f049d55469445d94b970c6fc4)] -> xpath: //a[normalize-space()='Show AllDesktops']]
2023-12-19 21:12:109 INFO  DesktopPage :44 - Click on sort by position [[ChromeDriver: chrome on windows (aba0896f049d55469445d94b970c6fc4)] -> id: input-sort]
2023-12-19 21:12:824 INFO  DesktopPage :73 - Select option product sorted by Name (Z - A)from sort by options [[ChromeDriver: chrome on windows (aba0896f049d55469445d94b970c6fc4)] -> id: input-sort]
2023-12-19 21:12:442 INFO  HomePage :74 - Mouse hover on “Desktops” Tab and click [[ChromeDriver: chrome on windows (8f5467f4ad6841ed95cb190f9ed58a4c)] -> link text: Desktops]
2023-12-19 21:12:42 INFO  HomePage :93 - Click on Show All Desktop tab [[ChromeDriver: chrome on windows (8f5467f4ad6841ed95cb190f9ed58a4c)] -> xpath: //a[normalize-space()='Show AllDesktops']]
2023-12-19 21:12:154 INFO  HomePage :105 - Clicking on Currency on top of page [[ChromeDriver: chrome on windows (8f5467f4ad6841ed95cb190f9ed58a4c)] -> xpath: //span[normalize-space()='Currency']]
2023-12-19 21:12:25 INFO  HomePage :113 - Select £Pound Sterling from currency drop down list [[[ChromeDriver: chrome on windows (8f5467f4ad6841ed95cb190f9ed58a4c)] -> xpath: //ul[@class = 'dropdown-menu']/li], [[ChromeDriver: chrome on windows (8f5467f4ad6841ed95cb190f9ed58a4c)] -> xpath: //ul[@class = 'dropdown-menu']/li], [[ChromeDriver: chrome on windows (8f5467f4ad6841ed95cb190f9ed58a4c)] -> xpath: //ul[@class = 'dropdown-menu']/li]]
2023-12-19 21:12:708 INFO  DesktopPage :73 - Select option product sorted by Name (A - Z)from sort by options [[ChromeDriver: chrome on windows (8f5467f4ad6841ed95cb190f9ed58a4c)] -> id: input-sort]
2023-12-19 21:12:64 INFO  DesktopPage :78 - Clicking on HP LP3065 [[ChromeDriver: chrome on windows (8f5467f4ad6841ed95cb190f9ed58a4c)] -> xpath: //a[contains(text(),'HP LP3065')]]
2023-12-19 21:12:101 INFO  ProductPage :52 - Verify the Text "HP LP3065" [[ChromeDriver: chrome on windows (8f5467f4ad6841ed95cb190f9ed58a4c)] -> xpath: //a[contains(text(),'HP LP3065')]]
2023-12-19 21:12:295 INFO  ProductPage :58 - Select 2022November30 to date field [[ChromeDriver: chrome on windows (8f5467f4ad6841ed95cb190f9ed58a4c)] -> xpath: //div[@class = 'input-group date']//button]
2023-12-19 21:12:676 INFO  ProductPage :82 - Enter Qty 1 to quantity field [[ChromeDriver: chrome on windows (8f5467f4ad6841ed95cb190f9ed58a4c)] -> xpath: //input[@id='input-quantity']]
2023-12-19 21:12:355 INFO  ProductPage :87 - Clicking on Login Button [[ChromeDriver: chrome on windows (8f5467f4ad6841ed95cb190f9ed58a4c)] -> xpath: //button[@id='button-cart']]
2023-12-19 21:12:891 INFO  ProductPage :91 - Verify the Message “Success: You have added HP LP3065 to your shopping cart!” [[ChromeDriver: chrome on windows (8f5467f4ad6841ed95cb190f9ed58a4c)] -> xpath: //div[@class='alert alert-success alert-dismissible']]
2023-12-19 21:12:04 INFO  ProductPage :97 - Click on link “shopping cart” display into success message [[ChromeDriver: chrome on windows (8f5467f4ad6841ed95cb190f9ed58a4c)] -> xpath: //a[contains(text(),'shopping cart')]]
2023-12-19 21:12:48 INFO  ShoppingCartPage :47 -  Verify the text Shopping Cart [[ChromeDriver: chrome on windows (8f5467f4ad6841ed95cb190f9ed58a4c)] -> xpath: //div[@id='content']//h1]
2023-12-19 21:12:122 INFO  ShoppingCartPage :52 - Verify the Product name HP LP3065 [[ChromeDriver: chrome on windows (8f5467f4ad6841ed95cb190f9ed58a4c)] -> xpath: //div[@class = 'table-responsive']/table/tbody/tr/td[2]/a]
2023-12-19 21:12:218 INFO  ShoppingCartPage :57 - Verify the Delivery Date 2022-11-30 [[ChromeDriver: chrome on windows (8f5467f4ad6841ed95cb190f9ed58a4c)] -> xpath: //div[@class = 'table-responsive']/table/tbody/tr/td[2]/small[1]]
2023-12-19 21:12:269 INFO  ShoppingCartPage :62 - Verify the Model Product21 [[ChromeDriver: chrome on windows (8f5467f4ad6841ed95cb190f9ed58a4c)] -> xpath: //div[@class = 'table-responsive']/table/tbody/tr/td[3]]
2023-12-19 21:12:316 INFO  ShoppingCartPage :67 - Verify the Total £74.73 [[ChromeDriver: chrome on windows (8f5467f4ad6841ed95cb190f9ed58a4c)] -> xpath: //div[@class = 'table-responsive']/table/tbody/tr/td[6]]
2023-12-19 21:12:69 INFO  HomePage :80 - Mouse hover on “Laptops & Notebooks” Tab and click [[ChromeDriver: chrome on windows (d1f9635ff9e69b702a900e94e6efb1e5)] -> link text: Laptops & Notebooks]
2023-12-19 21:12:632 INFO  HomePage :99 - Click on Show All LaptopAndNotebook Tab [[ChromeDriver: chrome on windows (d1f9635ff9e69b702a900e94e6efb1e5)] -> xpath: //a[normalize-space()='Show AllLaptops & Notebooks']]
2023-12-19 21:12:786 INFO  DesktopPage :44 - Click on sort by position [[ChromeDriver: chrome on windows (d1f9635ff9e69b702a900e94e6efb1e5)] -> id: input-sort]
2023-12-19 21:12:440 INFO  DesktopPage :73 - Select option product sorted by Price (High > Low)from sort by options [[ChromeDriver: chrome on windows (d1f9635ff9e69b702a900e94e6efb1e5)] -> id: input-sort]
2023-12-19 21:12:608 INFO  LaptopAndNotebookPage :63 - Verify Product sorted  price High to low [[[ChromeDriver: chrome on windows (d1f9635ff9e69b702a900e94e6efb1e5)] -> xpath: //p[@class ='price']], [[ChromeDriver: chrome on windows (d1f9635ff9e69b702a900e94e6efb1e5)] -> xpath: //p[@class ='price']], [[ChromeDriver: chrome on windows (d1f9635ff9e69b702a900e94e6efb1e5)] -> xpath: //p[@class ='price']], [[ChromeDriver: chrome on windows (d1f9635ff9e69b702a900e94e6efb1e5)] -> xpath: //p[@class ='price']], [[ChromeDriver: chrome on windows (d1f9635ff9e69b702a900e94e6efb1e5)] -> xpath: //p[@class ='price']]]
2023-12-19 21:12:710 INFO  LaptopAndNotebookPage :63 - Verify Product sorted  price High to low [[[ChromeDriver: chrome on windows (d1f9635ff9e69b702a900e94e6efb1e5)] -> xpath: //p[@class ='price']], [[ChromeDriver: chrome on windows (d1f9635ff9e69b702a900e94e6efb1e5)] -> xpath: //p[@class ='price']], [[ChromeDriver: chrome on windows (d1f9635ff9e69b702a900e94e6efb1e5)] -> xpath: //p[@class ='price']], [[ChromeDriver: chrome on windows (d1f9635ff9e69b702a900e94e6efb1e5)] -> xpath: //p[@class ='price']], [[ChromeDriver: chrome on windows (d1f9635ff9e69b702a900e94e6efb1e5)] -> xpath: //p[@class ='price']]]
2023-12-19 21:12:716 INFO  HomePage :80 - Mouse hover on “Laptops & Notebooks” Tab and click [[ChromeDriver: chrome on windows (1cb70d82eac18b49f1d0d82f81c38767)] -> link text: Laptops & Notebooks]
2023-12-19 21:12:338 INFO  HomePage :99 - Click on Show All LaptopAndNotebook Tab [[ChromeDriver: chrome on windows (1cb70d82eac18b49f1d0d82f81c38767)] -> xpath: //a[normalize-space()='Show AllLaptops & Notebooks']]
2023-12-19 21:12:452 INFO  HomePage :105 - Clicking on Currency on top of page [[ChromeDriver: chrome on windows (1cb70d82eac18b49f1d0d82f81c38767)] -> xpath: //span[normalize-space()='Currency']]
2023-12-19 21:12:387 INFO  HomePage :113 - Select £Pound Sterling from currency drop down list [[[ChromeDriver: chrome on windows (1cb70d82eac18b49f1d0d82f81c38767)] -> xpath: //ul[@class = 'dropdown-menu']/li], [[ChromeDriver: chrome on windows (1cb70d82eac18b49f1d0d82f81c38767)] -> xpath: //ul[@class = 'dropdown-menu']/li], [[ChromeDriver: chrome on windows (1cb70d82eac18b49f1d0d82f81c38767)] -> xpath: //ul[@class = 'dropdown-menu']/li]]
2023-12-19 21:12:34 INFO  DesktopPage :73 - Select option product sorted by Price (High > Low)from sort by options [[ChromeDriver: chrome on windows (1cb70d82eac18b49f1d0d82f81c38767)] -> id: input-sort]
2023-12-19 21:12:745 INFO  LaptopAndNotebookPage :80 - Select Macbook[[ChromeDriver: chrome on windows (1cb70d82eac18b49f1d0d82f81c38767)] -> link text: MacBook]
2023-12-19 21:12:790 INFO  ProductPage :101 - Verify text MacBook [[ChromeDriver: chrome on windows (1cb70d82eac18b49f1d0d82f81c38767)] -> xpath: //h1[contains(text(),'MacBook')]]
2023-12-19 21:12:472 INFO  ProductPage :87 - Clicking on Login Button [[ChromeDriver: chrome on windows (1cb70d82eac18b49f1d0d82f81c38767)] -> xpath: //button[@id='button-cart']]
2023-12-19 21:12:995 INFO  ProductPage :91 - Verify the Message “Success: You have added HP LP3065 to your shopping cart!” [[ChromeDriver: chrome on windows (1cb70d82eac18b49f1d0d82f81c38767)] -> xpath: //div[@class='alert alert-success alert-dismissible']]
2023-12-19 21:12:97 INFO  ProductPage :97 - Click on link “shopping cart” display into success message [[ChromeDriver: chrome on windows (1cb70d82eac18b49f1d0d82f81c38767)] -> xpath: //a[contains(text(),'shopping cart')]]
2023-12-19 21:12:133 INFO  ShoppingCartPage :47 -  Verify the text Shopping Cart [[ChromeDriver: chrome on windows (1cb70d82eac18b49f1d0d82f81c38767)] -> xpath: //div[@id='content']//h1]
2023-12-19 21:12:181 INFO  ShoppingCartPage :52 - Verify the Product name HP LP3065 [[ChromeDriver: chrome on windows (1cb70d82eac18b49f1d0d82f81c38767)] -> xpath: //div[@class = 'table-responsive']/table/tbody/tr/td[2]/a]
2023-12-19 21:12:445 INFO  ShoppingCartPage :74 - Change Quantity 2 to quantity field [[ChromeDriver: chrome on windows (1cb70d82eac18b49f1d0d82f81c38767)] -> xpath: //div[@class='input-group btn-block']/input[@type='text']]
2023-12-19 21:12:308 INFO  ShoppingCartPage :79 -  Click on “Update” Tab [[ChromeDriver: chrome on windows (1cb70d82eac18b49f1d0d82f81c38767)] -> xpath: //i[@class = 'fa fa-refresh']]
2023-12-19 21:12:349 INFO  ShoppingCartPage :83 - Getting welcome back text [[ChromeDriver: chrome on windows (1cb70d82eac18b49f1d0d82f81c38767)] -> xpath: //div[@id='checkout-cart']/div[1]]
2023-12-19 21:12:392 INFO  ShoppingCartPage :67 - Verify the Total £74.73 [[ChromeDriver: chrome on windows (1cb70d82eac18b49f1d0d82f81c38767)] -> xpath: //div[@class = 'table-responsive']/table/tbody/tr/td[6]]
2023-12-19 21:12:981 INFO  ShoppingCartPage :89 - Click on “Checkout” button [[ChromeDriver: chrome on windows (1cb70d82eac18b49f1d0d82f81c38767)] -> css selector: a.btn.btn-primary]
2023-12-19 21:12:20 INFO  CheckoutPage :76 - Verify the text “Checkout” [[ChromeDriver: chrome on windows (1cb70d82eac18b49f1d0d82f81c38767)] -> xpath: //div[@id='content']/h1]
2023-12-19 21:12:577 INFO  CheckoutPage :82 - Verify the Text “New Customer” [[ChromeDriver: chrome on windows (1cb70d82eac18b49f1d0d82f81c38767)] -> xpath: //h2[contains(text(),'New Customer')]]
2023-12-19 21:12:191 INFO  CheckoutPage :89 - Click on “Guest Checkout” radio button [[ChromeDriver: chrome on windows (1cb70d82eac18b49f1d0d82f81c38767)] -> xpath: //input[@value='guest']]
2023-12-19 21:12:297 INFO  CheckoutPage :95 - Click on “Continue” tab [[ChromeDriver: chrome on windows (1cb70d82eac18b49f1d0d82f81c38767)] -> xpath: //input[@id='button-account']]
2023-12-19 21:12:844 INFO  CheckoutPage :101 - Enter firstname Tom to firstname field [[ChromeDriver: chrome on windows (1cb70d82eac18b49f1d0d82f81c38767)] -> id: input-payment-firstname]
2023-12-19 21:12:105 INFO  CheckoutPage :107 - Enter lastname Patel to lastname field [[ChromeDriver: chrome on windows (1cb70d82eac18b49f1d0d82f81c38767)] -> id: input-payment-lastname]
2023-12-19 21:12:304 INFO  CheckoutPage :113 - Enter email mnb to email field [[ChromeDriver: chrome on windows (1cb70d82eac18b49f1d0d82f81c38767)] -> id: input-payment-email]
2023-12-19 21:12:494 INFO  CheckoutPage :119 - Enter phoneNumber 01122334455 to phoneNumber field [[ChromeDriver: chrome on windows (1cb70d82eac18b49f1d0d82f81c38767)] -> id: input-payment-telephone]
2023-12-19 21:12:702 INFO  CheckoutPage :125 - Enter address Line 1 10 downing road to address field [[ChromeDriver: chrome on windows (1cb70d82eac18b49f1d0d82f81c38767)] -> id: input-payment-address-1]
2023-12-19 21:12:858 INFO  CheckoutPage :131 - Enter city London to city field [[ChromeDriver: chrome on windows (1cb70d82eac18b49f1d0d82f81c38767)] -> id: input-payment-city]
2023-12-19 21:12:18 INFO  CheckoutPage :137 - Enter postcode ec1 2rx to postcode field [[ChromeDriver: chrome on windows (1cb70d82eac18b49f1d0d82f81c38767)] -> id: input-payment-postcode]
2023-12-19 21:12:158 INFO  CheckoutPage :143 - Select country United Kingdom to country field [[ChromeDriver: chrome on windows (1cb70d82eac18b49f1d0d82f81c38767)] -> id: input-payment-country]
2023-12-19 21:12:905 INFO  HomePage :128 - Select Login from myAccount drop down list [[[ChromeDriver: chrome on windows (446817e05f46cc0608047819aef82351)] -> xpath: //ul[@class='dropdown-menu dropdown-menu-right']/li], [[ChromeDriver: chrome on windows (446817e05f46cc0608047819aef82351)] -> xpath: //ul[@class='dropdown-menu dropdown-menu-right']/li]]
2023-12-19 21:12:953 INFO  LoginPage :36 - Verify the text “Returning Customer” [[ChromeDriver: chrome on windows (446817e05f46cc0608047819aef82351)] -> xpath: //h2[contains(text(),'Returning Customer')]]
2023-12-19 21:12:412 INFO  HomePage :128 - Select Login from myAccount drop down list [[[ChromeDriver: chrome on windows (5d580b09287eb9131fe73c5bb834ea34)] -> xpath: //ul[@class='dropdown-menu dropdown-menu-right']/li], [[ChromeDriver: chrome on windows (5d580b09287eb9131fe73c5bb834ea34)] -> xpath: //ul[@class='dropdown-menu dropdown-menu-right']/li]]
2023-12-19 21:12:619 INFO  LoginPage :43 - Enter email mnb@gmail.comto email field [[ChromeDriver: chrome on windows (5d580b09287eb9131fe73c5bb834ea34)] -> id: input-email]
2023-12-19 21:12:809 INFO  LoginPage :49 - Enter password mnb@123to password field [[ChromeDriver: chrome on windows (5d580b09287eb9131fe73c5bb834ea34)] -> id: input-password]
2023-12-19 21:12:544 INFO  LoginPage :55 - Clicking on Login Button [[ChromeDriver: chrome on windows (5d580b09287eb9131fe73c5bb834ea34)] -> xpath: //input[@value='Login']]
2023-12-19 21:12:614 INFO  LoginPage :60 - Verify text “My Account” Proxy element for: DefaultElementLocator 'By.xpath: //h2[text()='My Account']'
2023-12-19 21:12:246 INFO  HomePage :128 - Select Register from myAccount drop down list [[[ChromeDriver: chrome on windows (01572d7936efa730d9360b66d1e7bfec)] -> xpath: //ul[@class='dropdown-menu dropdown-menu-right']/li], [[ChromeDriver: chrome on windows (01572d7936efa730d9360b66d1e7bfec)] -> xpath: //ul[@class='dropdown-menu dropdown-menu-right']/li]]
2023-12-19 21:12:296 INFO  RegisterPage :58 - Verify the text “Register Account”. [[ChromeDriver: chrome on windows (01572d7936efa730d9360b66d1e7bfec)] -> xpath: //h1[contains(text(),'Register Account')]]
2023-12-19 21:12:921 INFO  HomePage :128 - Select Register from myAccount drop down list [[[ChromeDriver: chrome on windows (b6c1b4eec499e241d49dc08ec007cbab)] -> xpath: //ul[@class='dropdown-menu dropdown-menu-right']/li], [[ChromeDriver: chrome on windows (b6c1b4eec499e241d49dc08ec007cbab)] -> xpath: //ul[@class='dropdown-menu dropdown-menu-right']/li]]
2023-12-19 21:12:89 INFO  RegisterPage :64 - Enter Firstname Tom to Firstname field [[ChromeDriver: chrome on windows (b6c1b4eec499e241d49dc08ec007cbab)] -> id: input-firstname]
2023-12-19 21:12:291 INFO  RegisterPage :69 - Enter Lastname Patel to Lastname field [[ChromeDriver: chrome on windows (b6c1b4eec499e241d49dc08ec007cbab)] -> id: input-lastname]
2023-12-19 21:12:504 INFO  RegisterPage :74 - Enter email patelepIv@gmail.com to email field [[ChromeDriver: chrome on windows (b6c1b4eec499e241d49dc08ec007cbab)] -> id: input-email]
2023-12-19 21:12:682 INFO  RegisterPage :79 - Enter Telephone 01122333355 to Telephone field [[ChromeDriver: chrome on windows (b6c1b4eec499e241d49dc08ec007cbab)] -> id: input-telephone]
2023-12-19 21:12:838 INFO  RegisterPage :84 - Enter Password mnb@123 to Password field [[ChromeDriver: chrome on windows (b6c1b4eec499e241d49dc08ec007cbab)] -> id: input-password]
2023-12-19 21:12:14 INFO  RegisterPage :89 - Enter ConfirmPassword mnb@123 to ConfirmPassword field [[ChromeDriver: chrome on windows (b6c1b4eec499e241d49dc08ec007cbab)] -> id: input-confirm]
2023-12-19 21:12:104 INFO  RegisterPage :101 - Select Subscribe Yes radio button [[[ChromeDriver: chrome on windows (b6c1b4eec499e241d49dc08ec007cbab)] -> xpath: //fieldset[3]//input], [[ChromeDriver: chrome on windows (b6c1b4eec499e241d49dc08ec007cbab)] -> xpath: //fieldset[3]//input]]
2023-12-19 21:12:214 INFO  RegisterPage :106 - Click on Privacy Policy check box [[ChromeDriver: chrome on windows (b6c1b4eec499e241d49dc08ec007cbab)] -> xpath: //input[@name='agree']]
2023-12-19 21:12:618 INFO  RegisterPage :111 - Clicking on Continue Button [[ChromeDriver: chrome on windows (b6c1b4eec499e241d49dc08ec007cbab)] -> xpath: //input[@type='submit']]
2023-12-19 21:12:661 INFO  RegisterPage :115 - Verify the message “Your Account Has Been Created!” [[ChromeDriver: chrome on windows (b6c1b4eec499e241d49dc08ec007cbab)] -> xpath: //h1[text()='Your Account Has Been Created!']]
2023-12-19 21:12:173 INFO  RegisterPage :121 - Clicking on Continue Button [[ChromeDriver: chrome on windows (b6c1b4eec499e241d49dc08ec007cbab)] -> xpath: //a[text()='Continue']]
2023-12-19 21:12:181 INFO  HomePage :128 - Select Logout from myAccount drop down list [[[ChromeDriver: chrome on windows (b6c1b4eec499e241d49dc08ec007cbab)] -> xpath: //ul[@class='dropdown-menu dropdown-menu-right']/li], [[ChromeDriver: chrome on windows (b6c1b4eec499e241d49dc08ec007cbab)] -> xpath: //ul[@class='dropdown-menu dropdown-menu-right']/li], [[ChromeDriver: chrome on windows (b6c1b4eec499e241d49dc08ec007cbab)] -> xpath: //ul[@class='dropdown-menu dropdown-menu-right']/li], [[ChromeDriver: chrome on windows (b6c1b4eec499e241d49dc08ec007cbab)] -> xpath: //ul[@class='dropdown-menu dropdown-menu-right']/li], [[ChromeDriver: chrome on windows (b6c1b4eec499e241d49dc08ec007cbab)] -> xpath: //ul[@class='dropdown-menu dropdown-menu-right']/li]]
2023-12-19 21:12:220 INFO  LogoutPage :27 - Verify text "Account Logout" [[ChromeDriver: chrome on windows (b6c1b4eec499e241d49dc08ec007cbab)] -> xpath: //h1[text()='Account Logout']]
2023-12-19 21:12:802 INFO  LogoutPage :33 - Clicking on Continue Button [[ChromeDriver: chrome on windows (b6c1b4eec499e241d49dc08ec007cbab)] -> xpath: //a[contains(text(),'Continue')]]
2023-12-19 21:12:352 INFO  HomePage :74 - Mouse hover on “Desktops” Tab and click [[ChromeDriver: chrome on windows (ff8d9bb9e5085cb10dfb1ab76487db3f)] -> link text: Desktops]
2023-12-19 21:12:421 INFO  HomePage :68 - Click Show All Desktops from homepage Top menu  []
2023-12-19 21:12:444 INFO  DesktopPage :38 - Verify the text ‘Desktops’[[ChromeDriver: chrome on windows (ff8d9bb9e5085cb10dfb1ab76487db3f)] -> xpath: //h2[contains(text(),'Desktops')]]
2023-12-19 21:12:72 INFO  HomePage :80 - Mouse hover on “Laptops & Notebooks” Tab and click [[ChromeDriver: chrome on windows (b29bccc5d6ace8c4e259e5a19ac2f9cd)] -> link text: Laptops & Notebooks]
2023-12-19 21:12:154 INFO  HomePage :68 - Click Show All Laptops & Notebooks from homepage Top menu  []
2023-12-19 21:12:177 INFO  LaptopAndNotebookPage :39 - Verify the text ‘Laptops & Notebooks’ [[ChromeDriver: chrome on windows (b29bccc5d6ace8c4e259e5a19ac2f9cd)] -> xpath: //h2[contains(text(),'Laptops & Notebooks')]]
2023-12-19 21:12:664 INFO  HomePage :86 -  Mouse hover on “Components” Tab and click [[ChromeDriver: chrome on windows (65cb735d70096b63fe994e8df57ef5b1)] -> link text: Components]
2023-12-19 21:12:706 INFO  HomePage :68 - Click Show All Components from homepage Top menu  []
2023-12-19 21:12:736 INFO  ComponentsPage :23 - Verify the text ‘Components’ [[ChromeDriver: chrome on windows (65cb735d70096b63fe994e8df57ef5b1)] -> xpath: //h2[contains(text(),'Components')]]
